** Warning: (vlib-34) Library already exists at "questa_lib/work".
Errors: 0, Warnings: 1
** Warning: (vlib-34) Library already exists at "questa_lib/msim".
Errors: 0, Warnings: 1
** Warning: (vlib-34) Library already exists at "questa_lib/msim/xil_defaultlib".
Errors: 0, Warnings: 1
QuestaSim vmap 2021.2_1 Lib Mapping Utility 2021.05 May 15 2021
vmap xil_defaultlib questa_lib/msim/xil_defaultlib 
Modifying modelsim.ini
QuestaSim-64 vlog 2021.2_1 Compiler 2021.05 May 15 2021
Start time: 22:25:44 on Mar 09,2025
vlog -incr -mfcu -work xil_defaultlib ../../../../divide_f_by_3.srcs/sources_1/new/divide_by_three.v ../../../../divide_f_by_3.srcs/sim_1/new/TB.v 
-- Skipping module divide_by_three
-- Skipping module divide_by_three_TB

Top level modules:
	divide_by_three_TB
End time: 22:25:44 on Mar 09,2025, Elapsed time: 0:00:00
Errors: 0, Warnings: 0
QuestaSim vlog 2021.2_1 Compiler 2021.05 May 15 2021
Start time: 22:25:44 on Mar 09,2025
vlog -work xil_defaultlib glbl.v 
-- Compiling module glbl

Top level modules:
	glbl
End time: 22:25:44 on Mar 09,2025, Elapsed time: 0:00:00
Errors: 0, Warnings: 0
