
*** Running vivado
    with args -log async_fifo.vds -m64 -product Vivado -mode batch -messageDb vivado.pb -notrace -source async_fifo.tcl


****** Vivado v2023.2.2 (64-bit)
  **** SW Build 4126759 on Thu Feb  8 23:52:05 MST 2024
  **** IP Build 4126054 on Fri Feb  9 11:39:09 MST 2024
  **** SharedData Build 4115275 on Tue Jan 30 00:40:57 MST 2024
    ** Copyright 1986-2022 Xilinx, Inc. All Rights Reserved.
    ** Copyright 2022-2024 Advanced Micro Devices, Inc. All Rights Reserved.

source async_fifo.tcl -notrace
Command: read_checkpoint -auto_incremental -incremental /media/ryanfeng/HardDisk/Study/Git_Repos/UVM_knowledge/Vivado/async_fifo/async_fifo.srcs/utils_1/imports/synth_1/async_fifo.dcp
INFO: [Vivado 12-5825] Read reference checkpoint from /media/ryanfeng/HardDisk/Study/Git_Repos/UVM_knowledge/Vivado/async_fifo/async_fifo.srcs/utils_1/imports/synth_1/async_fifo.dcp for incremental synthesis
INFO: [Vivado 12-7989] Please ensure there are no constraint changes
Command: synth_design -top async_fifo -part xc7vx485tffg1157-1
Starting synth_design
Attempting to get a license for feature 'Synthesis' and/or device 'xc7vx485t'
INFO: [Common 17-349] Got license for feature 'Synthesis' and/or device 'xc7vx485t'
INFO: [Designutils 20-5440] No compile time benefit to using incremental synthesis; A full resynthesis will be run
INFO: [Designutils 20-4379] Flow is switching to default flow due to incremental criteria not met. If you would like to alter this behaviour and have the flow terminate instead, please set the following parameter config_implementation {autoIncr.Synth.RejectBehavior Terminate}
INFO: [Synth 8-7079] Multithreading enabled for synth_design using a maximum of 4 processes.
INFO: [Synth 8-7078] Launching helper process for spawning children vivado processes
INFO: [Synth 8-7075] Helper process launched with PID 49108
---------------------------------------------------------------------------------
Starting Synthesize : Time (s): cpu = 00:00:02 ; elapsed = 00:00:02 . Memory (MB): peak = 1800.148 ; gain = 415.652 ; free physical = 47733 ; free virtual = 54491
---------------------------------------------------------------------------------
WARNING: [Synth 8-10604] concatenation with an unsized literal will be treated as 32 bits [/media/ryanfeng/HardDisk/Study/Git_Repos/UVM_knowledge/Vivado/async_fifo/async_fifo.srcs/sources_1/imports/async_fifo/BCD_to_Gray.v:6]
INFO: [Synth 8-6157] synthesizing module 'async_fifo' [/media/ryanfeng/HardDisk/Study/Git_Repos/UVM_knowledge/Vivado/async_fifo/async_fifo.srcs/sources_1/imports/async_fifo/async_fifo.v:1]
INFO: [Synth 8-6157] synthesizing module 'BCD_to_Gray' [/media/ryanfeng/HardDisk/Study/Git_Repos/UVM_knowledge/Vivado/async_fifo/async_fifo.srcs/sources_1/imports/async_fifo/BCD_to_Gray.v:1]
	Parameter WIDTH bound to: 6 - type: integer 
INFO: [Synth 8-6155] done synthesizing module 'BCD_to_Gray' (0#1) [/media/ryanfeng/HardDisk/Study/Git_Repos/UVM_knowledge/Vivado/async_fifo/async_fifo.srcs/sources_1/imports/async_fifo/BCD_to_Gray.v:1]
INFO: [Synth 8-6157] synthesizing module 'Gray_to_BCD' [/media/ryanfeng/HardDisk/Study/Git_Repos/UVM_knowledge/Vivado/async_fifo/async_fifo.srcs/sources_1/imports/async_fifo/Gray_to_BCD.v:1]
	Parameter WIDTH bound to: 6 - type: integer 
INFO: [Synth 8-6155] done synthesizing module 'Gray_to_BCD' (0#1) [/media/ryanfeng/HardDisk/Study/Git_Repos/UVM_knowledge/Vivado/async_fifo/async_fifo.srcs/sources_1/imports/async_fifo/Gray_to_BCD.v:1]
INFO: [Synth 8-6157] synthesizing module 'Memory' [/media/ryanfeng/HardDisk/Study/Git_Repos/UVM_knowledge/Vivado/async_fifo/async_fifo.srcs/sources_1/imports/async_fifo/memory_32x8.v:1]
	Parameter DEPTH bound to: 32 - type: integer 
	Parameter WIDTH bound to: 8 - type: integer 
	Parameter ADDR_WIDTH bound to: 5 - type: integer 
WARNING: [Synth 8-567] referenced signal 'data_in' should be on the sensitivity list [/media/ryanfeng/HardDisk/Study/Git_Repos/UVM_knowledge/Vivado/async_fifo/async_fifo.srcs/sources_1/imports/async_fifo/memory_32x8.v:20]
WARNING: [Synth 8-567] referenced signal 'mem' should be on the sensitivity list [/media/ryanfeng/HardDisk/Study/Git_Repos/UVM_knowledge/Vivado/async_fifo/async_fifo.srcs/sources_1/imports/async_fifo/memory_32x8.v:26]
INFO: [Synth 8-6155] done synthesizing module 'Memory' (0#1) [/media/ryanfeng/HardDisk/Study/Git_Repos/UVM_knowledge/Vivado/async_fifo/async_fifo.srcs/sources_1/imports/async_fifo/memory_32x8.v:1]
WARNING: [Synth 8-689] width (6) of port connection 'addr_w' does not match port width (5) of module 'Memory' [/media/ryanfeng/HardDisk/Study/Git_Repos/UVM_knowledge/Vivado/async_fifo/async_fifo.srcs/sources_1/imports/async_fifo/async_fifo.v:102]
WARNING: [Synth 8-689] width (6) of port connection 'addr_r' does not match port width (5) of module 'Memory' [/media/ryanfeng/HardDisk/Study/Git_Repos/UVM_knowledge/Vivado/async_fifo/async_fifo.srcs/sources_1/imports/async_fifo/async_fifo.v:102]
INFO: [Synth 8-6155] done synthesizing module 'async_fifo' (0#1) [/media/ryanfeng/HardDisk/Study/Git_Repos/UVM_knowledge/Vivado/async_fifo/async_fifo.srcs/sources_1/imports/async_fifo/async_fifo.v:1]
---------------------------------------------------------------------------------
Finished Synthesize : Time (s): cpu = 00:00:02 ; elapsed = 00:00:03 . Memory (MB): peak = 1878.117 ; gain = 493.621 ; free physical = 47614 ; free virtual = 54374
---------------------------------------------------------------------------------
---------------------------------------------------------------------------------
Finished Constraint Validation : Time (s): cpu = 00:00:03 ; elapsed = 00:00:03 . Memory (MB): peak = 1892.961 ; gain = 508.465 ; free physical = 47614 ; free virtual = 54376
---------------------------------------------------------------------------------
---------------------------------------------------------------------------------
Start Loading Part and Timing Information
---------------------------------------------------------------------------------
Loading part: xc7vx485tffg1157-1
---------------------------------------------------------------------------------
INFO: [Device 21-403] Loading part xc7vx485tffg1157-1
Finished Loading Part and Timing Information : Time (s): cpu = 00:00:03 ; elapsed = 00:00:03 . Memory (MB): peak = 1900.965 ; gain = 516.469 ; free physical = 47613 ; free virtual = 54376
---------------------------------------------------------------------------------
WARNING: [Synth 8-327] inferring latch for variable 'data_out_reg' [/media/ryanfeng/HardDisk/Study/Git_Repos/UVM_knowledge/Vivado/async_fifo/async_fifo.srcs/sources_1/imports/async_fifo/memory_32x8.v:28]
WARNING: [Synth 8-327] inferring latch for variable 'mem_reg[31]' [/media/ryanfeng/HardDisk/Study/Git_Repos/UVM_knowledge/Vivado/async_fifo/async_fifo.srcs/sources_1/imports/async_fifo/memory_32x8.v:22]
WARNING: [Synth 8-327] inferring latch for variable 'mem_reg[30]' [/media/ryanfeng/HardDisk/Study/Git_Repos/UVM_knowledge/Vivado/async_fifo/async_fifo.srcs/sources_1/imports/async_fifo/memory_32x8.v:22]
WARNING: [Synth 8-327] inferring latch for variable 'mem_reg[29]' [/media/ryanfeng/HardDisk/Study/Git_Repos/UVM_knowledge/Vivado/async_fifo/async_fifo.srcs/sources_1/imports/async_fifo/memory_32x8.v:22]
WARNING: [Synth 8-327] inferring latch for variable 'mem_reg[28]' [/media/ryanfeng/HardDisk/Study/Git_Repos/UVM_knowledge/Vivado/async_fifo/async_fifo.srcs/sources_1/imports/async_fifo/memory_32x8.v:22]
WARNING: [Synth 8-327] inferring latch for variable 'mem_reg[27]' [/media/ryanfeng/HardDisk/Study/Git_Repos/UVM_knowledge/Vivado/async_fifo/async_fifo.srcs/sources_1/imports/async_fifo/memory_32x8.v:22]
WARNING: [Synth 8-327] inferring latch for variable 'mem_reg[26]' [/media/ryanfeng/HardDisk/Study/Git_Repos/UVM_knowledge/Vivado/async_fifo/async_fifo.srcs/sources_1/imports/async_fifo/memory_32x8.v:22]
WARNING: [Synth 8-327] inferring latch for variable 'mem_reg[25]' [/media/ryanfeng/HardDisk/Study/Git_Repos/UVM_knowledge/Vivado/async_fifo/async_fifo.srcs/sources_1/imports/async_fifo/memory_32x8.v:22]
WARNING: [Synth 8-327] inferring latch for variable 'mem_reg[24]' [/media/ryanfeng/HardDisk/Study/Git_Repos/UVM_knowledge/Vivado/async_fifo/async_fifo.srcs/sources_1/imports/async_fifo/memory_32x8.v:22]
WARNING: [Synth 8-327] inferring latch for variable 'mem_reg[23]' [/media/ryanfeng/HardDisk/Study/Git_Repos/UVM_knowledge/Vivado/async_fifo/async_fifo.srcs/sources_1/imports/async_fifo/memory_32x8.v:22]
WARNING: [Synth 8-327] inferring latch for variable 'mem_reg[22]' [/media/ryanfeng/HardDisk/Study/Git_Repos/UVM_knowledge/Vivado/async_fifo/async_fifo.srcs/sources_1/imports/async_fifo/memory_32x8.v:22]
WARNING: [Synth 8-327] inferring latch for variable 'mem_reg[21]' [/media/ryanfeng/HardDisk/Study/Git_Repos/UVM_knowledge/Vivado/async_fifo/async_fifo.srcs/sources_1/imports/async_fifo/memory_32x8.v:22]
WARNING: [Synth 8-327] inferring latch for variable 'mem_reg[20]' [/media/ryanfeng/HardDisk/Study/Git_Repos/UVM_knowledge/Vivado/async_fifo/async_fifo.srcs/sources_1/imports/async_fifo/memory_32x8.v:22]
WARNING: [Synth 8-327] inferring latch for variable 'mem_reg[19]' [/media/ryanfeng/HardDisk/Study/Git_Repos/UVM_knowledge/Vivado/async_fifo/async_fifo.srcs/sources_1/imports/async_fifo/memory_32x8.v:22]
WARNING: [Synth 8-327] inferring latch for variable 'mem_reg[18]' [/media/ryanfeng/HardDisk/Study/Git_Repos/UVM_knowledge/Vivado/async_fifo/async_fifo.srcs/sources_1/imports/async_fifo/memory_32x8.v:22]
WARNING: [Synth 8-327] inferring latch for variable 'mem_reg[17]' [/media/ryanfeng/HardDisk/Study/Git_Repos/UVM_knowledge/Vivado/async_fifo/async_fifo.srcs/sources_1/imports/async_fifo/memory_32x8.v:22]
WARNING: [Synth 8-327] inferring latch for variable 'mem_reg[16]' [/media/ryanfeng/HardDisk/Study/Git_Repos/UVM_knowledge/Vivado/async_fifo/async_fifo.srcs/sources_1/imports/async_fifo/memory_32x8.v:22]
WARNING: [Synth 8-327] inferring latch for variable 'mem_reg[15]' [/media/ryanfeng/HardDisk/Study/Git_Repos/UVM_knowledge/Vivado/async_fifo/async_fifo.srcs/sources_1/imports/async_fifo/memory_32x8.v:22]
WARNING: [Synth 8-327] inferring latch for variable 'mem_reg[14]' [/media/ryanfeng/HardDisk/Study/Git_Repos/UVM_knowledge/Vivado/async_fifo/async_fifo.srcs/sources_1/imports/async_fifo/memory_32x8.v:22]
WARNING: [Synth 8-327] inferring latch for variable 'mem_reg[13]' [/media/ryanfeng/HardDisk/Study/Git_Repos/UVM_knowledge/Vivado/async_fifo/async_fifo.srcs/sources_1/imports/async_fifo/memory_32x8.v:22]
WARNING: [Synth 8-327] inferring latch for variable 'mem_reg[12]' [/media/ryanfeng/HardDisk/Study/Git_Repos/UVM_knowledge/Vivado/async_fifo/async_fifo.srcs/sources_1/imports/async_fifo/memory_32x8.v:22]
WARNING: [Synth 8-327] inferring latch for variable 'mem_reg[11]' [/media/ryanfeng/HardDisk/Study/Git_Repos/UVM_knowledge/Vivado/async_fifo/async_fifo.srcs/sources_1/imports/async_fifo/memory_32x8.v:22]
WARNING: [Synth 8-327] inferring latch for variable 'mem_reg[10]' [/media/ryanfeng/HardDisk/Study/Git_Repos/UVM_knowledge/Vivado/async_fifo/async_fifo.srcs/sources_1/imports/async_fifo/memory_32x8.v:22]
WARNING: [Synth 8-327] inferring latch for variable 'mem_reg[9]' [/media/ryanfeng/HardDisk/Study/Git_Repos/UVM_knowledge/Vivado/async_fifo/async_fifo.srcs/sources_1/imports/async_fifo/memory_32x8.v:22]
WARNING: [Synth 8-327] inferring latch for variable 'mem_reg[8]' [/media/ryanfeng/HardDisk/Study/Git_Repos/UVM_knowledge/Vivado/async_fifo/async_fifo.srcs/sources_1/imports/async_fifo/memory_32x8.v:22]
WARNING: [Synth 8-327] inferring latch for variable 'mem_reg[7]' [/media/ryanfeng/HardDisk/Study/Git_Repos/UVM_knowledge/Vivado/async_fifo/async_fifo.srcs/sources_1/imports/async_fifo/memory_32x8.v:22]
WARNING: [Synth 8-327] inferring latch for variable 'mem_reg[6]' [/media/ryanfeng/HardDisk/Study/Git_Repos/UVM_knowledge/Vivado/async_fifo/async_fifo.srcs/sources_1/imports/async_fifo/memory_32x8.v:22]
WARNING: [Synth 8-327] inferring latch for variable 'mem_reg[5]' [/media/ryanfeng/HardDisk/Study/Git_Repos/UVM_knowledge/Vivado/async_fifo/async_fifo.srcs/sources_1/imports/async_fifo/memory_32x8.v:22]
WARNING: [Synth 8-327] inferring latch for variable 'mem_reg[4]' [/media/ryanfeng/HardDisk/Study/Git_Repos/UVM_knowledge/Vivado/async_fifo/async_fifo.srcs/sources_1/imports/async_fifo/memory_32x8.v:22]
WARNING: [Synth 8-327] inferring latch for variable 'mem_reg[3]' [/media/ryanfeng/HardDisk/Study/Git_Repos/UVM_knowledge/Vivado/async_fifo/async_fifo.srcs/sources_1/imports/async_fifo/memory_32x8.v:22]
WARNING: [Synth 8-327] inferring latch for variable 'mem_reg[2]' [/media/ryanfeng/HardDisk/Study/Git_Repos/UVM_knowledge/Vivado/async_fifo/async_fifo.srcs/sources_1/imports/async_fifo/memory_32x8.v:22]
WARNING: [Synth 8-327] inferring latch for variable 'mem_reg[1]' [/media/ryanfeng/HardDisk/Study/Git_Repos/UVM_knowledge/Vivado/async_fifo/async_fifo.srcs/sources_1/imports/async_fifo/memory_32x8.v:22]
WARNING: [Synth 8-327] inferring latch for variable 'mem_reg[0]' [/media/ryanfeng/HardDisk/Study/Git_Repos/UVM_knowledge/Vivado/async_fifo/async_fifo.srcs/sources_1/imports/async_fifo/memory_32x8.v:22]
---------------------------------------------------------------------------------
Finished RTL Optimization Phase 2 : Time (s): cpu = 00:00:03 ; elapsed = 00:00:03 . Memory (MB): peak = 1919.949 ; gain = 535.453 ; free physical = 47594 ; free virtual = 54360
---------------------------------------------------------------------------------
No constraint files found.
---------------------------------------------------------------------------------
Start RTL Component Statistics 
---------------------------------------------------------------------------------
Detailed RTL Component Info : 
+---Adders : 
	   2 Input    6 Bit       Adders := 2     
+---XORs : 
	   2 Input      6 Bit         XORs := 2     
	   2 Input      1 Bit         XORs := 10    
+---Registers : 
	                6 Bit    Registers := 3     
	                1 Bit    Registers := 2     
+---Muxes : 
	   2 Input    1 Bit        Muxes := 32    
---------------------------------------------------------------------------------
Finished RTL Component Statistics 
---------------------------------------------------------------------------------
---------------------------------------------------------------------------------
Start Part Resource Summary
---------------------------------------------------------------------------------
Part Resources:
DSPs: 2800 (col length:140)
BRAMs: 2060 (col length: RAMB18 140 RAMB36 70)
---------------------------------------------------------------------------------
Finished Part Resource Summary
---------------------------------------------------------------------------------
No constraint files found.
---------------------------------------------------------------------------------
Start Cross Boundary and Area Optimization
---------------------------------------------------------------------------------
WARNING: [Synth 8-7080] Parallel synthesis criteria is not met
WARNING: [Synth 8-264] enable of latch \memory/data_out_reg[0]  is always disabled
WARNING: [Synth 8-264] enable of latch \memory/data_out_reg[0]  is always disabled
WARNING: [Synth 8-264] enable of latch \memory/data_out_reg[1]  is always disabled
WARNING: [Synth 8-264] enable of latch \memory/data_out_reg[1]  is always disabled
WARNING: [Synth 8-264] enable of latch \memory/data_out_reg[2]  is always disabled
WARNING: [Synth 8-264] enable of latch \memory/data_out_reg[2]  is always disabled
WARNING: [Synth 8-264] enable of latch \memory/data_out_reg[3]  is always disabled
WARNING: [Synth 8-264] enable of latch \memory/data_out_reg[3]  is always disabled
WARNING: [Synth 8-264] enable of latch \memory/data_out_reg[4]  is always disabled
WARNING: [Synth 8-264] enable of latch \memory/data_out_reg[4]  is always disabled
WARNING: [Synth 8-264] enable of latch \memory/data_out_reg[5]  is always disabled
WARNING: [Synth 8-264] enable of latch \memory/data_out_reg[5]  is always disabled
WARNING: [Synth 8-264] enable of latch \memory/data_out_reg[6]  is always disabled
WARNING: [Synth 8-264] enable of latch \memory/data_out_reg[6]  is always disabled
WARNING: [Synth 8-264] enable of latch \memory/data_out_reg[7]  is always disabled
WARNING: [Synth 8-264] enable of latch \memory/data_out_reg[7]  is always disabled
WARNING: [Synth 8-3332] Sequential element (memory/mem_reg[31][7]) is unused and will be removed from module async_fifo.
WARNING: [Synth 8-3332] Sequential element (memory/mem_reg[31][6]) is unused and will be removed from module async_fifo.
WARNING: [Synth 8-3332] Sequential element (memory/mem_reg[31][5]) is unused and will be removed from module async_fifo.
WARNING: [Synth 8-3332] Sequential element (memory/mem_reg[31][4]) is unused and will be removed from module async_fifo.
WARNING: [Synth 8-3332] Sequential element (memory/mem_reg[31][3]) is unused and will be removed from module async_fifo.
WARNING: [Synth 8-3332] Sequential element (memory/mem_reg[31][2]) is unused and will be removed from module async_fifo.
WARNING: [Synth 8-3332] Sequential element (memory/mem_reg[31][1]) is unused and will be removed from module async_fifo.
WARNING: [Synth 8-3332] Sequential element (memory/mem_reg[31][0]) is unused and will be removed from module async_fifo.
WARNING: [Synth 8-3332] Sequential element (memory/mem_reg[30][7]) is unused and will be removed from module async_fifo.
WARNING: [Synth 8-3332] Sequential element (memory/mem_reg[30][6]) is unused and will be removed from module async_fifo.
WARNING: [Synth 8-3332] Sequential element (memory/mem_reg[30][5]) is unused and will be removed from module async_fifo.
WARNING: [Synth 8-3332] Sequential element (memory/mem_reg[30][4]) is unused and will be removed from module async_fifo.
WARNING: [Synth 8-3332] Sequential element (memory/mem_reg[30][3]) is unused and will be removed from module async_fifo.
WARNING: [Synth 8-3332] Sequential element (memory/mem_reg[30][2]) is unused and will be removed from module async_fifo.
WARNING: [Synth 8-3332] Sequential element (memory/mem_reg[30][1]) is unused and will be removed from module async_fifo.
WARNING: [Synth 8-3332] Sequential element (memory/mem_reg[30][0]) is unused and will be removed from module async_fifo.
WARNING: [Synth 8-3332] Sequential element (memory/mem_reg[29][7]) is unused and will be removed from module async_fifo.
WARNING: [Synth 8-3332] Sequential element (memory/mem_reg[29][6]) is unused and will be removed from module async_fifo.
WARNING: [Synth 8-3332] Sequential element (memory/mem_reg[29][5]) is unused and will be removed from module async_fifo.
WARNING: [Synth 8-3332] Sequential element (memory/mem_reg[29][4]) is unused and will be removed from module async_fifo.
WARNING: [Synth 8-3332] Sequential element (memory/mem_reg[29][3]) is unused and will be removed from module async_fifo.
WARNING: [Synth 8-3332] Sequential element (memory/mem_reg[29][2]) is unused and will be removed from module async_fifo.
WARNING: [Synth 8-3332] Sequential element (memory/mem_reg[29][1]) is unused and will be removed from module async_fifo.
WARNING: [Synth 8-3332] Sequential element (memory/mem_reg[29][0]) is unused and will be removed from module async_fifo.
WARNING: [Synth 8-3332] Sequential element (memory/mem_reg[28][7]) is unused and will be removed from module async_fifo.
WARNING: [Synth 8-3332] Sequential element (memory/mem_reg[28][6]) is unused and will be removed from module async_fifo.
WARNING: [Synth 8-3332] Sequential element (memory/mem_reg[28][5]) is unused and will be removed from module async_fifo.
WARNING: [Synth 8-3332] Sequential element (memory/mem_reg[28][4]) is unused and will be removed from module async_fifo.
WARNING: [Synth 8-3332] Sequential element (memory/mem_reg[28][3]) is unused and will be removed from module async_fifo.
WARNING: [Synth 8-3332] Sequential element (memory/mem_reg[28][2]) is unused and will be removed from module async_fifo.
WARNING: [Synth 8-3332] Sequential element (memory/mem_reg[28][1]) is unused and will be removed from module async_fifo.
WARNING: [Synth 8-3332] Sequential element (memory/mem_reg[28][0]) is unused and will be removed from module async_fifo.
WARNING: [Synth 8-3332] Sequential element (memory/mem_reg[27][7]) is unused and will be removed from module async_fifo.
WARNING: [Synth 8-3332] Sequential element (memory/mem_reg[27][6]) is unused and will be removed from module async_fifo.
WARNING: [Synth 8-3332] Sequential element (memory/mem_reg[27][5]) is unused and will be removed from module async_fifo.
WARNING: [Synth 8-3332] Sequential element (memory/mem_reg[27][4]) is unused and will be removed from module async_fifo.
WARNING: [Synth 8-3332] Sequential element (memory/mem_reg[27][3]) is unused and will be removed from module async_fifo.
WARNING: [Synth 8-3332] Sequential element (memory/mem_reg[27][2]) is unused and will be removed from module async_fifo.
WARNING: [Synth 8-3332] Sequential element (memory/mem_reg[27][1]) is unused and will be removed from module async_fifo.
WARNING: [Synth 8-3332] Sequential element (memory/mem_reg[27][0]) is unused and will be removed from module async_fifo.
WARNING: [Synth 8-3332] Sequential element (memory/mem_reg[26][7]) is unused and will be removed from module async_fifo.
WARNING: [Synth 8-3332] Sequential element (memory/mem_reg[26][6]) is unused and will be removed from module async_fifo.
WARNING: [Synth 8-3332] Sequential element (memory/mem_reg[26][5]) is unused and will be removed from module async_fifo.
WARNING: [Synth 8-3332] Sequential element (memory/mem_reg[26][4]) is unused and will be removed from module async_fifo.
WARNING: [Synth 8-3332] Sequential element (memory/mem_reg[26][3]) is unused and will be removed from module async_fifo.
WARNING: [Synth 8-3332] Sequential element (memory/mem_reg[26][2]) is unused and will be removed from module async_fifo.
WARNING: [Synth 8-3332] Sequential element (memory/mem_reg[26][1]) is unused and will be removed from module async_fifo.
WARNING: [Synth 8-3332] Sequential element (memory/mem_reg[26][0]) is unused and will be removed from module async_fifo.
WARNING: [Synth 8-3332] Sequential element (memory/mem_reg[25][7]) is unused and will be removed from module async_fifo.
WARNING: [Synth 8-3332] Sequential element (memory/mem_reg[25][6]) is unused and will be removed from module async_fifo.
WARNING: [Synth 8-3332] Sequential element (memory/mem_reg[25][5]) is unused and will be removed from module async_fifo.
WARNING: [Synth 8-3332] Sequential element (memory/mem_reg[25][4]) is unused and will be removed from module async_fifo.
WARNING: [Synth 8-3332] Sequential element (memory/mem_reg[25][3]) is unused and will be removed from module async_fifo.
WARNING: [Synth 8-3332] Sequential element (memory/mem_reg[25][2]) is unused and will be removed from module async_fifo.
WARNING: [Synth 8-3332] Sequential element (memory/mem_reg[25][1]) is unused and will be removed from module async_fifo.
WARNING: [Synth 8-3332] Sequential element (memory/mem_reg[25][0]) is unused and will be removed from module async_fifo.
WARNING: [Synth 8-3332] Sequential element (memory/mem_reg[24][7]) is unused and will be removed from module async_fifo.
WARNING: [Synth 8-3332] Sequential element (memory/mem_reg[24][6]) is unused and will be removed from module async_fifo.
WARNING: [Synth 8-3332] Sequential element (memory/mem_reg[24][5]) is unused and will be removed from module async_fifo.
WARNING: [Synth 8-3332] Sequential element (memory/mem_reg[24][4]) is unused and will be removed from module async_fifo.
WARNING: [Synth 8-3332] Sequential element (memory/mem_reg[24][3]) is unused and will be removed from module async_fifo.
WARNING: [Synth 8-3332] Sequential element (memory/mem_reg[24][2]) is unused and will be removed from module async_fifo.
WARNING: [Synth 8-3332] Sequential element (memory/mem_reg[24][1]) is unused and will be removed from module async_fifo.
WARNING: [Synth 8-3332] Sequential element (memory/mem_reg[24][0]) is unused and will be removed from module async_fifo.
WARNING: [Synth 8-3332] Sequential element (memory/mem_reg[23][7]) is unused and will be removed from module async_fifo.
WARNING: [Synth 8-3332] Sequential element (memory/mem_reg[23][6]) is unused and will be removed from module async_fifo.
WARNING: [Synth 8-3332] Sequential element (memory/mem_reg[23][5]) is unused and will be removed from module async_fifo.
WARNING: [Synth 8-3332] Sequential element (memory/mem_reg[23][4]) is unused and will be removed from module async_fifo.
WARNING: [Synth 8-3332] Sequential element (memory/mem_reg[23][3]) is unused and will be removed from module async_fifo.
WARNING: [Synth 8-3332] Sequential element (memory/mem_reg[23][2]) is unused and will be removed from module async_fifo.
WARNING: [Synth 8-3332] Sequential element (memory/mem_reg[23][1]) is unused and will be removed from module async_fifo.
WARNING: [Synth 8-3332] Sequential element (memory/mem_reg[23][0]) is unused and will be removed from module async_fifo.
WARNING: [Synth 8-3332] Sequential element (memory/mem_reg[22][7]) is unused and will be removed from module async_fifo.
WARNING: [Synth 8-3332] Sequential element (memory/mem_reg[22][6]) is unused and will be removed from module async_fifo.
WARNING: [Synth 8-3332] Sequential element (memory/mem_reg[22][5]) is unused and will be removed from module async_fifo.
WARNING: [Synth 8-3332] Sequential element (memory/mem_reg[22][4]) is unused and will be removed from module async_fifo.
WARNING: [Synth 8-3332] Sequential element (memory/mem_reg[22][3]) is unused and will be removed from module async_fifo.
WARNING: [Synth 8-3332] Sequential element (memory/mem_reg[22][2]) is unused and will be removed from module async_fifo.
WARNING: [Synth 8-3332] Sequential element (memory/mem_reg[22][1]) is unused and will be removed from module async_fifo.
WARNING: [Synth 8-3332] Sequential element (memory/mem_reg[22][0]) is unused and will be removed from module async_fifo.
WARNING: [Synth 8-3332] Sequential element (memory/mem_reg[21][7]) is unused and will be removed from module async_fifo.
WARNING: [Synth 8-3332] Sequential element (memory/mem_reg[21][6]) is unused and will be removed from module async_fifo.
WARNING: [Synth 8-3332] Sequential element (memory/mem_reg[21][5]) is unused and will be removed from module async_fifo.
WARNING: [Synth 8-3332] Sequential element (memory/mem_reg[21][4]) is unused and will be removed from module async_fifo.
WARNING: [Synth 8-3332] Sequential element (memory/mem_reg[21][3]) is unused and will be removed from module async_fifo.
WARNING: [Synth 8-3332] Sequential element (memory/mem_reg[21][2]) is unused and will be removed from module async_fifo.
WARNING: [Synth 8-3332] Sequential element (memory/mem_reg[21][1]) is unused and will be removed from module async_fifo.
WARNING: [Synth 8-3332] Sequential element (memory/mem_reg[21][0]) is unused and will be removed from module async_fifo.
WARNING: [Synth 8-3332] Sequential element (memory/mem_reg[20][7]) is unused and will be removed from module async_fifo.
WARNING: [Synth 8-3332] Sequential element (memory/mem_reg[20][6]) is unused and will be removed from module async_fifo.
WARNING: [Synth 8-3332] Sequential element (memory/mem_reg[20][5]) is unused and will be removed from module async_fifo.
WARNING: [Synth 8-3332] Sequential element (memory/mem_reg[20][4]) is unused and will be removed from module async_fifo.
WARNING: [Synth 8-3332] Sequential element (memory/mem_reg[20][3]) is unused and will be removed from module async_fifo.
WARNING: [Synth 8-3332] Sequential element (memory/mem_reg[20][2]) is unused and will be removed from module async_fifo.
WARNING: [Synth 8-3332] Sequential element (memory/mem_reg[20][1]) is unused and will be removed from module async_fifo.
WARNING: [Synth 8-3332] Sequential element (memory/mem_reg[20][0]) is unused and will be removed from module async_fifo.
WARNING: [Synth 8-3332] Sequential element (memory/mem_reg[19][7]) is unused and will be removed from module async_fifo.
WARNING: [Synth 8-3332] Sequential element (memory/mem_reg[19][6]) is unused and will be removed from module async_fifo.
WARNING: [Synth 8-3332] Sequential element (memory/mem_reg[19][5]) is unused and will be removed from module async_fifo.
WARNING: [Synth 8-3332] Sequential element (memory/mem_reg[19][4]) is unused and will be removed from module async_fifo.
INFO: [Common 17-14] Message 'Synth 8-3332' appears 100 times and further instances of the messages will be disabled. Use the Tcl command set_msg_config to change the current settings.
CRITICAL WARNING: [Synth 8-6859] multi-driven net on pin Q with 1st driver pin 'full_reg/Q' [/media/ryanfeng/HardDisk/Study/Git_Repos/UVM_knowledge/Vivado/async_fifo/async_fifo.srcs/sources_1/imports/async_fifo/async_fifo.v:56]
CRITICAL WARNING: [Synth 8-6859] multi-driven net on pin Q with 2nd driver pin 'GND' [/media/ryanfeng/HardDisk/Study/Git_Repos/UVM_knowledge/Vivado/async_fifo/async_fifo.srcs/sources_1/imports/async_fifo/async_fifo.v:56]
CRITICAL WARNING: [Synth 8-6858] multi-driven net Q is connected to at least one constant driver which has been preserved, other driver is ignored [/media/ryanfeng/HardDisk/Study/Git_Repos/UVM_knowledge/Vivado/async_fifo/async_fifo.srcs/sources_1/imports/async_fifo/async_fifo.v:56]
CRITICAL WARNING: [Synth 8-6859] multi-driven net on pin Q with 1st driver pin 'empty_reg/Q' [/media/ryanfeng/HardDisk/Study/Git_Repos/UVM_knowledge/Vivado/async_fifo/async_fifo.srcs/sources_1/imports/async_fifo/async_fifo.v:57]
CRITICAL WARNING: [Synth 8-6859] multi-driven net on pin Q with 2nd driver pin 'VCC' [/media/ryanfeng/HardDisk/Study/Git_Repos/UVM_knowledge/Vivado/async_fifo/async_fifo.srcs/sources_1/imports/async_fifo/async_fifo.v:57]
CRITICAL WARNING: [Synth 8-6858] multi-driven net Q is connected to at least one constant driver which has been preserved, other driver is ignored [/media/ryanfeng/HardDisk/Study/Git_Repos/UVM_knowledge/Vivado/async_fifo/async_fifo.srcs/sources_1/imports/async_fifo/async_fifo.v:57]
CRITICAL WARNING: [Synth 8-6859] multi-driven net on pin Q with 1st driver pin 'counter_r_reg[5]__0/Q' [/media/ryanfeng/HardDisk/Study/Git_Repos/UVM_knowledge/Vivado/async_fifo/async_fifo.srcs/sources_1/imports/async_fifo/async_fifo.v:55]
CRITICAL WARNING: [Synth 8-6859] multi-driven net on pin Q with 2nd driver pin 'GND' [/media/ryanfeng/HardDisk/Study/Git_Repos/UVM_knowledge/Vivado/async_fifo/async_fifo.srcs/sources_1/imports/async_fifo/async_fifo.v:55]
CRITICAL WARNING: [Synth 8-6858] multi-driven net Q is connected to at least one constant driver which has been preserved, other driver is ignored [/media/ryanfeng/HardDisk/Study/Git_Repos/UVM_knowledge/Vivado/async_fifo/async_fifo.srcs/sources_1/imports/async_fifo/async_fifo.v:55]
CRITICAL WARNING: [Synth 8-6859] multi-driven net on pin Q with 1st driver pin 'counter_r_reg[4]__0/Q' [/media/ryanfeng/HardDisk/Study/Git_Repos/UVM_knowledge/Vivado/async_fifo/async_fifo.srcs/sources_1/imports/async_fifo/async_fifo.v:55]
CRITICAL WARNING: [Synth 8-6859] multi-driven net on pin Q with 2nd driver pin 'GND' [/media/ryanfeng/HardDisk/Study/Git_Repos/UVM_knowledge/Vivado/async_fifo/async_fifo.srcs/sources_1/imports/async_fifo/async_fifo.v:55]
CRITICAL WARNING: [Synth 8-6858] multi-driven net Q is connected to at least one constant driver which has been preserved, other driver is ignored [/media/ryanfeng/HardDisk/Study/Git_Repos/UVM_knowledge/Vivado/async_fifo/async_fifo.srcs/sources_1/imports/async_fifo/async_fifo.v:55]
CRITICAL WARNING: [Synth 8-6859] multi-driven net on pin Q with 1st driver pin 'counter_r_reg[3]__0/Q' [/media/ryanfeng/HardDisk/Study/Git_Repos/UVM_knowledge/Vivado/async_fifo/async_fifo.srcs/sources_1/imports/async_fifo/async_fifo.v:55]
CRITICAL WARNING: [Synth 8-6859] multi-driven net on pin Q with 2nd driver pin 'GND' [/media/ryanfeng/HardDisk/Study/Git_Repos/UVM_knowledge/Vivado/async_fifo/async_fifo.srcs/sources_1/imports/async_fifo/async_fifo.v:55]
CRITICAL WARNING: [Synth 8-6858] multi-driven net Q is connected to at least one constant driver which has been preserved, other driver is ignored [/media/ryanfeng/HardDisk/Study/Git_Repos/UVM_knowledge/Vivado/async_fifo/async_fifo.srcs/sources_1/imports/async_fifo/async_fifo.v:55]
CRITICAL WARNING: [Synth 8-6859] multi-driven net on pin Q with 1st driver pin 'counter_r_reg[2]__0/Q' [/media/ryanfeng/HardDisk/Study/Git_Repos/UVM_knowledge/Vivado/async_fifo/async_fifo.srcs/sources_1/imports/async_fifo/async_fifo.v:55]
CRITICAL WARNING: [Synth 8-6859] multi-driven net on pin Q with 2nd driver pin 'GND' [/media/ryanfeng/HardDisk/Study/Git_Repos/UVM_knowledge/Vivado/async_fifo/async_fifo.srcs/sources_1/imports/async_fifo/async_fifo.v:55]
CRITICAL WARNING: [Synth 8-6858] multi-driven net Q is connected to at least one constant driver which has been preserved, other driver is ignored [/media/ryanfeng/HardDisk/Study/Git_Repos/UVM_knowledge/Vivado/async_fifo/async_fifo.srcs/sources_1/imports/async_fifo/async_fifo.v:55]
CRITICAL WARNING: [Synth 8-6859] multi-driven net on pin Q with 1st driver pin 'counter_r_reg[1]__0/Q' [/media/ryanfeng/HardDisk/Study/Git_Repos/UVM_knowledge/Vivado/async_fifo/async_fifo.srcs/sources_1/imports/async_fifo/async_fifo.v:55]
CRITICAL WARNING: [Synth 8-6859] multi-driven net on pin Q with 2nd driver pin 'GND' [/media/ryanfeng/HardDisk/Study/Git_Repos/UVM_knowledge/Vivado/async_fifo/async_fifo.srcs/sources_1/imports/async_fifo/async_fifo.v:55]
CRITICAL WARNING: [Synth 8-6858] multi-driven net Q is connected to at least one constant driver which has been preserved, other driver is ignored [/media/ryanfeng/HardDisk/Study/Git_Repos/UVM_knowledge/Vivado/async_fifo/async_fifo.srcs/sources_1/imports/async_fifo/async_fifo.v:55]
CRITICAL WARNING: [Synth 8-6859] multi-driven net on pin Q with 1st driver pin 'counter_r_reg[0]__0/Q' [/media/ryanfeng/HardDisk/Study/Git_Repos/UVM_knowledge/Vivado/async_fifo/async_fifo.srcs/sources_1/imports/async_fifo/async_fifo.v:55]
CRITICAL WARNING: [Synth 8-6859] multi-driven net on pin Q with 2nd driver pin 'GND' [/media/ryanfeng/HardDisk/Study/Git_Repos/UVM_knowledge/Vivado/async_fifo/async_fifo.srcs/sources_1/imports/async_fifo/async_fifo.v:55]
CRITICAL WARNING: [Synth 8-6858] multi-driven net Q is connected to at least one constant driver which has been preserved, other driver is ignored [/media/ryanfeng/HardDisk/Study/Git_Repos/UVM_knowledge/Vivado/async_fifo/async_fifo.srcs/sources_1/imports/async_fifo/async_fifo.v:55]
CRITICAL WARNING: [Synth 8-6859] multi-driven net on pin Q with 1st driver pin 'write_addr_tmp_2_reg[5]__0/Q' [/media/ryanfeng/HardDisk/Study/Git_Repos/UVM_knowledge/Vivado/async_fifo/async_fifo.srcs/sources_1/imports/async_fifo/async_fifo.v:51]
CRITICAL WARNING: [Synth 8-6859] multi-driven net on pin Q with 2nd driver pin 'GND' [/media/ryanfeng/HardDisk/Study/Git_Repos/UVM_knowledge/Vivado/async_fifo/async_fifo.srcs/sources_1/imports/async_fifo/async_fifo.v:51]
CRITICAL WARNING: [Synth 8-6858] multi-driven net Q is connected to at least one constant driver which has been preserved, other driver is ignored [/media/ryanfeng/HardDisk/Study/Git_Repos/UVM_knowledge/Vivado/async_fifo/async_fifo.srcs/sources_1/imports/async_fifo/async_fifo.v:51]
CRITICAL WARNING: [Synth 8-6859] multi-driven net on pin Q with 1st driver pin 'write_addr_tmp_2_reg[4]__0/Q' [/media/ryanfeng/HardDisk/Study/Git_Repos/UVM_knowledge/Vivado/async_fifo/async_fifo.srcs/sources_1/imports/async_fifo/async_fifo.v:51]
CRITICAL WARNING: [Synth 8-6859] multi-driven net on pin Q with 2nd driver pin 'GND' [/media/ryanfeng/HardDisk/Study/Git_Repos/UVM_knowledge/Vivado/async_fifo/async_fifo.srcs/sources_1/imports/async_fifo/async_fifo.v:51]
CRITICAL WARNING: [Synth 8-6858] multi-driven net Q is connected to at least one constant driver which has been preserved, other driver is ignored [/media/ryanfeng/HardDisk/Study/Git_Repos/UVM_knowledge/Vivado/async_fifo/async_fifo.srcs/sources_1/imports/async_fifo/async_fifo.v:51]
CRITICAL WARNING: [Synth 8-6859] multi-driven net on pin Q with 1st driver pin 'write_addr_tmp_2_reg[3]__0/Q' [/media/ryanfeng/HardDisk/Study/Git_Repos/UVM_knowledge/Vivado/async_fifo/async_fifo.srcs/sources_1/imports/async_fifo/async_fifo.v:51]
CRITICAL WARNING: [Synth 8-6859] multi-driven net on pin Q with 2nd driver pin 'GND' [/media/ryanfeng/HardDisk/Study/Git_Repos/UVM_knowledge/Vivado/async_fifo/async_fifo.srcs/sources_1/imports/async_fifo/async_fifo.v:51]
CRITICAL WARNING: [Synth 8-6858] multi-driven net Q is connected to at least one constant driver which has been preserved, other driver is ignored [/media/ryanfeng/HardDisk/Study/Git_Repos/UVM_knowledge/Vivado/async_fifo/async_fifo.srcs/sources_1/imports/async_fifo/async_fifo.v:51]
CRITICAL WARNING: [Synth 8-6859] multi-driven net on pin Q with 1st driver pin 'write_addr_tmp_2_reg[2]__0/Q' [/media/ryanfeng/HardDisk/Study/Git_Repos/UVM_knowledge/Vivado/async_fifo/async_fifo.srcs/sources_1/imports/async_fifo/async_fifo.v:51]
CRITICAL WARNING: [Synth 8-6859] multi-driven net on pin Q with 2nd driver pin 'GND' [/media/ryanfeng/HardDisk/Study/Git_Repos/UVM_knowledge/Vivado/async_fifo/async_fifo.srcs/sources_1/imports/async_fifo/async_fifo.v:51]
CRITICAL WARNING: [Synth 8-6858] multi-driven net Q is connected to at least one constant driver which has been preserved, other driver is ignored [/media/ryanfeng/HardDisk/Study/Git_Repos/UVM_knowledge/Vivado/async_fifo/async_fifo.srcs/sources_1/imports/async_fifo/async_fifo.v:51]
CRITICAL WARNING: [Synth 8-6859] multi-driven net on pin Q with 1st driver pin 'write_addr_tmp_2_reg[1]__0/Q' [/media/ryanfeng/HardDisk/Study/Git_Repos/UVM_knowledge/Vivado/async_fifo/async_fifo.srcs/sources_1/imports/async_fifo/async_fifo.v:51]
CRITICAL WARNING: [Synth 8-6859] multi-driven net on pin Q with 2nd driver pin 'GND' [/media/ryanfeng/HardDisk/Study/Git_Repos/UVM_knowledge/Vivado/async_fifo/async_fifo.srcs/sources_1/imports/async_fifo/async_fifo.v:51]
CRITICAL WARNING: [Synth 8-6858] multi-driven net Q is connected to at least one constant driver which has been preserved, other driver is ignored [/media/ryanfeng/HardDisk/Study/Git_Repos/UVM_knowledge/Vivado/async_fifo/async_fifo.srcs/sources_1/imports/async_fifo/async_fifo.v:51]
CRITICAL WARNING: [Synth 8-6859] multi-driven net on pin Q with 1st driver pin 'write_addr_tmp_2_reg[0]__0/Q' [/media/ryanfeng/HardDisk/Study/Git_Repos/UVM_knowledge/Vivado/async_fifo/async_fifo.srcs/sources_1/imports/async_fifo/async_fifo.v:51]
CRITICAL WARNING: [Synth 8-6859] multi-driven net on pin Q with 2nd driver pin 'GND' [/media/ryanfeng/HardDisk/Study/Git_Repos/UVM_knowledge/Vivado/async_fifo/async_fifo.srcs/sources_1/imports/async_fifo/async_fifo.v:51]
CRITICAL WARNING: [Synth 8-6858] multi-driven net Q is connected to at least one constant driver which has been preserved, other driver is ignored [/media/ryanfeng/HardDisk/Study/Git_Repos/UVM_knowledge/Vivado/async_fifo/async_fifo.srcs/sources_1/imports/async_fifo/async_fifo.v:51]
CRITICAL WARNING: [Synth 8-6859] multi-driven net on pin Q with 1st driver pin 'write_addr_tmp_1_reg[5]__0/Q' [/media/ryanfeng/HardDisk/Study/Git_Repos/UVM_knowledge/Vivado/async_fifo/async_fifo.srcs/sources_1/imports/async_fifo/async_fifo.v:49]
CRITICAL WARNING: [Synth 8-6859] multi-driven net on pin Q with 2nd driver pin 'GND' [/media/ryanfeng/HardDisk/Study/Git_Repos/UVM_knowledge/Vivado/async_fifo/async_fifo.srcs/sources_1/imports/async_fifo/async_fifo.v:49]
CRITICAL WARNING: [Synth 8-6858] multi-driven net Q is connected to at least one constant driver which has been preserved, other driver is ignored [/media/ryanfeng/HardDisk/Study/Git_Repos/UVM_knowledge/Vivado/async_fifo/async_fifo.srcs/sources_1/imports/async_fifo/async_fifo.v:49]
CRITICAL WARNING: [Synth 8-6859] multi-driven net on pin Q with 1st driver pin 'write_addr_tmp_1_reg[4]__0/Q' [/media/ryanfeng/HardDisk/Study/Git_Repos/UVM_knowledge/Vivado/async_fifo/async_fifo.srcs/sources_1/imports/async_fifo/async_fifo.v:49]
CRITICAL WARNING: [Synth 8-6859] multi-driven net on pin Q with 2nd driver pin 'GND' [/media/ryanfeng/HardDisk/Study/Git_Repos/UVM_knowledge/Vivado/async_fifo/async_fifo.srcs/sources_1/imports/async_fifo/async_fifo.v:49]
CRITICAL WARNING: [Synth 8-6858] multi-driven net Q is connected to at least one constant driver which has been preserved, other driver is ignored [/media/ryanfeng/HardDisk/Study/Git_Repos/UVM_knowledge/Vivado/async_fifo/async_fifo.srcs/sources_1/imports/async_fifo/async_fifo.v:49]
CRITICAL WARNING: [Synth 8-6859] multi-driven net on pin Q with 1st driver pin 'write_addr_tmp_1_reg[3]__0/Q' [/media/ryanfeng/HardDisk/Study/Git_Repos/UVM_knowledge/Vivado/async_fifo/async_fifo.srcs/sources_1/imports/async_fifo/async_fifo.v:49]
CRITICAL WARNING: [Synth 8-6859] multi-driven net on pin Q with 2nd driver pin 'GND' [/media/ryanfeng/HardDisk/Study/Git_Repos/UVM_knowledge/Vivado/async_fifo/async_fifo.srcs/sources_1/imports/async_fifo/async_fifo.v:49]
CRITICAL WARNING: [Synth 8-6858] multi-driven net Q is connected to at least one constant driver which has been preserved, other driver is ignored [/media/ryanfeng/HardDisk/Study/Git_Repos/UVM_knowledge/Vivado/async_fifo/async_fifo.srcs/sources_1/imports/async_fifo/async_fifo.v:49]
CRITICAL WARNING: [Synth 8-6859] multi-driven net on pin Q with 1st driver pin 'write_addr_tmp_1_reg[2]__0/Q' [/media/ryanfeng/HardDisk/Study/Git_Repos/UVM_knowledge/Vivado/async_fifo/async_fifo.srcs/sources_1/imports/async_fifo/async_fifo.v:49]
CRITICAL WARNING: [Synth 8-6859] multi-driven net on pin Q with 2nd driver pin 'GND' [/media/ryanfeng/HardDisk/Study/Git_Repos/UVM_knowledge/Vivado/async_fifo/async_fifo.srcs/sources_1/imports/async_fifo/async_fifo.v:49]
CRITICAL WARNING: [Synth 8-6858] multi-driven net Q is connected to at least one constant driver which has been preserved, other driver is ignored [/media/ryanfeng/HardDisk/Study/Git_Repos/UVM_knowledge/Vivado/async_fifo/async_fifo.srcs/sources_1/imports/async_fifo/async_fifo.v:49]
CRITICAL WARNING: [Synth 8-6859] multi-driven net on pin Q with 1st driver pin 'write_addr_tmp_1_reg[1]__0/Q' [/media/ryanfeng/HardDisk/Study/Git_Repos/UVM_knowledge/Vivado/async_fifo/async_fifo.srcs/sources_1/imports/async_fifo/async_fifo.v:49]
CRITICAL WARNING: [Synth 8-6859] multi-driven net on pin Q with 2nd driver pin 'GND' [/media/ryanfeng/HardDisk/Study/Git_Repos/UVM_knowledge/Vivado/async_fifo/async_fifo.srcs/sources_1/imports/async_fifo/async_fifo.v:49]
CRITICAL WARNING: [Synth 8-6858] multi-driven net Q is connected to at least one constant driver which has been preserved, other driver is ignored [/media/ryanfeng/HardDisk/Study/Git_Repos/UVM_knowledge/Vivado/async_fifo/async_fifo.srcs/sources_1/imports/async_fifo/async_fifo.v:49]
CRITICAL WARNING: [Synth 8-6859] multi-driven net on pin Q with 1st driver pin 'write_addr_tmp_1_reg[0]__0/Q' [/media/ryanfeng/HardDisk/Study/Git_Repos/UVM_knowledge/Vivado/async_fifo/async_fifo.srcs/sources_1/imports/async_fifo/async_fifo.v:49]
CRITICAL WARNING: [Synth 8-6859] multi-driven net on pin Q with 2nd driver pin 'GND' [/media/ryanfeng/HardDisk/Study/Git_Repos/UVM_knowledge/Vivado/async_fifo/async_fifo.srcs/sources_1/imports/async_fifo/async_fifo.v:49]
CRITICAL WARNING: [Synth 8-6858] multi-driven net Q is connected to at least one constant driver which has been preserved, other driver is ignored [/media/ryanfeng/HardDisk/Study/Git_Repos/UVM_knowledge/Vivado/async_fifo/async_fifo.srcs/sources_1/imports/async_fifo/async_fifo.v:49]
WARNING: [Synth 8-264] enable of latch \memory/data_out_reg[0]  is always disabled
WARNING: [Synth 8-264] enable of latch \memory/data_out_reg[0]  is always disabled
WARNING: [Synth 8-264] enable of latch \memory/data_out_reg[1]  is always disabled
WARNING: [Synth 8-264] enable of latch \memory/data_out_reg[1]  is always disabled
WARNING: [Synth 8-264] enable of latch \memory/data_out_reg[2]  is always disabled
WARNING: [Synth 8-264] enable of latch \memory/data_out_reg[2]  is always disabled
WARNING: [Synth 8-264] enable of latch \memory/data_out_reg[3]  is always disabled
WARNING: [Synth 8-264] enable of latch \memory/data_out_reg[3]  is always disabled
WARNING: [Synth 8-264] enable of latch \memory/data_out_reg[4]  is always disabled
WARNING: [Synth 8-264] enable of latch \memory/data_out_reg[4]  is always disabled
WARNING: [Synth 8-264] enable of latch \memory/data_out_reg[5]  is always disabled
WARNING: [Synth 8-264] enable of latch \memory/data_out_reg[5]  is always disabled
WARNING: [Synth 8-264] enable of latch \memory/data_out_reg[6]  is always disabled
WARNING: [Synth 8-264] enable of latch \memory/data_out_reg[6]  is always disabled
WARNING: [Synth 8-264] enable of latch \memory/data_out_reg[7]  is always disabled
WARNING: [Synth 8-264] enable of latch \memory/data_out_reg[7]  is always disabled
WARNING: [Synth 8-264] enable of latch \memory/data_out_reg[0]  is always disabled
WARNING: [Synth 8-264] enable of latch \memory/data_out_reg[0]  is always disabled
WARNING: [Synth 8-264] enable of latch \memory/data_out_reg[1]  is always disabled
WARNING: [Synth 8-264] enable of latch \memory/data_out_reg[1]  is always disabled
WARNING: [Synth 8-264] enable of latch \memory/data_out_reg[2]  is always disabled
WARNING: [Synth 8-264] enable of latch \memory/data_out_reg[2]  is always disabled
WARNING: [Synth 8-264] enable of latch \memory/data_out_reg[3]  is always disabled
WARNING: [Synth 8-264] enable of latch \memory/data_out_reg[3]  is always disabled
WARNING: [Synth 8-264] enable of latch \memory/data_out_reg[4]  is always disabled
WARNING: [Synth 8-264] enable of latch \memory/data_out_reg[4]  is always disabled
WARNING: [Synth 8-264] enable of latch \memory/data_out_reg[5]  is always disabled
WARNING: [Synth 8-264] enable of latch \memory/data_out_reg[5]  is always disabled
WARNING: [Synth 8-264] enable of latch \memory/data_out_reg[6]  is always disabled
WARNING: [Synth 8-264] enable of latch \memory/data_out_reg[6]  is always disabled
WARNING: [Synth 8-264] enable of latch \memory/data_out_reg[7]  is always disabled
WARNING: [Synth 8-264] enable of latch \memory/data_out_reg[7]  is always disabled
---------------------------------------------------------------------------------
Finished Cross Boundary and Area Optimization : Time (s): cpu = 00:00:07 ; elapsed = 00:00:07 . Memory (MB): peak = 2173.168 ; gain = 788.672 ; free physical = 47301 ; free virtual = 54080
---------------------------------------------------------------------------------
No constraint files found.
---------------------------------------------------------------------------------
Start Timing Optimization
---------------------------------------------------------------------------------
WARNING: [Synth 8-264] enable of latch \memory/data_out_reg[0]  is always disabled
WARNING: [Synth 8-264] enable of latch \memory/data_out_reg[0]  is always disabled
WARNING: [Synth 8-264] enable of latch \memory/data_out_reg[1]  is always disabled
WARNING: [Synth 8-264] enable of latch \memory/data_out_reg[1]  is always disabled
WARNING: [Synth 8-264] enable of latch \memory/data_out_reg[2]  is always disabled
WARNING: [Synth 8-264] enable of latch \memory/data_out_reg[2]  is always disabled
WARNING: [Synth 8-264] enable of latch \memory/data_out_reg[3]  is always disabled
WARNING: [Synth 8-264] enable of latch \memory/data_out_reg[3]  is always disabled
WARNING: [Synth 8-264] enable of latch \memory/data_out_reg[4]  is always disabled
WARNING: [Synth 8-264] enable of latch \memory/data_out_reg[4]  is always disabled
WARNING: [Synth 8-264] enable of latch \memory/data_out_reg[5]  is always disabled
WARNING: [Synth 8-264] enable of latch \memory/data_out_reg[5]  is always disabled
WARNING: [Synth 8-264] enable of latch \memory/data_out_reg[6]  is always disabled
WARNING: [Synth 8-264] enable of latch \memory/data_out_reg[6]  is always disabled
WARNING: [Synth 8-264] enable of latch \memory/data_out_reg[7]  is always disabled
WARNING: [Synth 8-264] enable of latch \memory/data_out_reg[7]  is always disabled
WARNING: [Synth 8-264] enable of latch \memory/data_out_reg[0]  is always disabled
WARNING: [Synth 8-264] enable of latch \memory/data_out_reg[0]  is always disabled
WARNING: [Synth 8-264] enable of latch \memory/data_out_reg[1]  is always disabled
WARNING: [Synth 8-264] enable of latch \memory/data_out_reg[1]  is always disabled
WARNING: [Synth 8-264] enable of latch \memory/data_out_reg[2]  is always disabled
WARNING: [Synth 8-264] enable of latch \memory/data_out_reg[2]  is always disabled
WARNING: [Synth 8-264] enable of latch \memory/data_out_reg[3]  is always disabled
WARNING: [Synth 8-264] enable of latch \memory/data_out_reg[3]  is always disabled
WARNING: [Synth 8-264] enable of latch \memory/data_out_reg[4]  is always disabled
WARNING: [Synth 8-264] enable of latch \memory/data_out_reg[4]  is always disabled
WARNING: [Synth 8-264] enable of latch \memory/data_out_reg[5]  is always disabled
WARNING: [Synth 8-264] enable of latch \memory/data_out_reg[5]  is always disabled
WARNING: [Synth 8-264] enable of latch \memory/data_out_reg[6]  is always disabled
WARNING: [Synth 8-264] enable of latch \memory/data_out_reg[6]  is always disabled
WARNING: [Synth 8-264] enable of latch \memory/data_out_reg[7]  is always disabled
WARNING: [Synth 8-264] enable of latch \memory/data_out_reg[7]  is always disabled
---------------------------------------------------------------------------------
Finished Timing Optimization : Time (s): cpu = 00:00:07 ; elapsed = 00:00:07 . Memory (MB): peak = 2176.137 ; gain = 791.641 ; free physical = 47301 ; free virtual = 54080
---------------------------------------------------------------------------------
---------------------------------------------------------------------------------
Start Technology Mapping
---------------------------------------------------------------------------------
---------------------------------------------------------------------------------
Finished Technology Mapping : Time (s): cpu = 00:00:07 ; elapsed = 00:00:07 . Memory (MB): peak = 2176.137 ; gain = 791.641 ; free physical = 47301 ; free virtual = 54080
---------------------------------------------------------------------------------
---------------------------------------------------------------------------------
Start IO Insertion
---------------------------------------------------------------------------------
---------------------------------------------------------------------------------
Start Flattening Before IO Insertion
---------------------------------------------------------------------------------
---------------------------------------------------------------------------------
Finished Flattening Before IO Insertion
---------------------------------------------------------------------------------
---------------------------------------------------------------------------------
Start Final Netlist Cleanup
---------------------------------------------------------------------------------
---------------------------------------------------------------------------------
Finished Final Netlist Cleanup
---------------------------------------------------------------------------------
---------------------------------------------------------------------------------
Finished IO Insertion : Time (s): cpu = 00:00:08 ; elapsed = 00:00:08 . Memory (MB): peak = 2176.137 ; gain = 791.641 ; free physical = 47302 ; free virtual = 54081
---------------------------------------------------------------------------------
---------------------------------------------------------------------------------
Start Renaming Generated Instances
---------------------------------------------------------------------------------
---------------------------------------------------------------------------------
Finished Renaming Generated Instances : Time (s): cpu = 00:00:08 ; elapsed = 00:00:08 . Memory (MB): peak = 2176.137 ; gain = 791.641 ; free physical = 47302 ; free virtual = 54081
---------------------------------------------------------------------------------
---------------------------------------------------------------------------------
Start Rebuilding User Hierarchy
---------------------------------------------------------------------------------
---------------------------------------------------------------------------------
Finished Rebuilding User Hierarchy : Time (s): cpu = 00:00:08 ; elapsed = 00:00:08 . Memory (MB): peak = 2176.137 ; gain = 791.641 ; free physical = 47302 ; free virtual = 54081
---------------------------------------------------------------------------------
---------------------------------------------------------------------------------
Start Renaming Generated Ports
---------------------------------------------------------------------------------
---------------------------------------------------------------------------------
Finished Renaming Generated Ports : Time (s): cpu = 00:00:08 ; elapsed = 00:00:08 . Memory (MB): peak = 2176.137 ; gain = 791.641 ; free physical = 47302 ; free virtual = 54081
---------------------------------------------------------------------------------
---------------------------------------------------------------------------------
Start Handling Custom Attributes
---------------------------------------------------------------------------------
---------------------------------------------------------------------------------
Finished Handling Custom Attributes : Time (s): cpu = 00:00:08 ; elapsed = 00:00:08 . Memory (MB): peak = 2176.137 ; gain = 791.641 ; free physical = 47302 ; free virtual = 54081
---------------------------------------------------------------------------------
---------------------------------------------------------------------------------
Start Renaming Generated Nets
---------------------------------------------------------------------------------
---------------------------------------------------------------------------------
Finished Renaming Generated Nets : Time (s): cpu = 00:00:08 ; elapsed = 00:00:08 . Memory (MB): peak = 2176.137 ; gain = 791.641 ; free physical = 47302 ; free virtual = 54081
---------------------------------------------------------------------------------
---------------------------------------------------------------------------------
Start Writing Synthesis Report
---------------------------------------------------------------------------------

Report BlackBoxes: 
+-+--------------+----------+
| |BlackBox name |Instances |
+-+--------------+----------+
+-+--------------+----------+

Report Cell Usage: 
+------+-----+------+
|      |Cell |Count |
+------+-----+------+
|1     |OBUF |    10|
+------+-----+------+

Report Instance Areas: 
+------+---------+-------+------+
|      |Instance |Module |Cells |
+------+---------+-------+------+
|1     |top      |       |    10|
+------+---------+-------+------+
---------------------------------------------------------------------------------
Finished Writing Synthesis Report : Time (s): cpu = 00:00:08 ; elapsed = 00:00:08 . Memory (MB): peak = 2176.137 ; gain = 791.641 ; free physical = 47302 ; free virtual = 54081
---------------------------------------------------------------------------------
Synthesis finished with 0 errors, 60 critical warnings and 383 warnings.
Synthesis Optimization Runtime : Time (s): cpu = 00:00:08 ; elapsed = 00:00:08 . Memory (MB): peak = 2176.137 ; gain = 791.641 ; free physical = 47302 ; free virtual = 54081
Synthesis Optimization Complete : Time (s): cpu = 00:00:08 ; elapsed = 00:00:08 . Memory (MB): peak = 2176.145 ; gain = 791.641 ; free physical = 47302 ; free virtual = 54081
INFO: [Project 1-571] Translating synthesized netlist
Netlist sorting complete. Time (s): cpu = 00:00:00 ; elapsed = 00:00:00 . Memory (MB): peak = 2188.043 ; gain = 0.000 ; free physical = 47495 ; free virtual = 54274
INFO: [Project 1-570] Preparing netlist for logic optimization
INFO: [Opt 31-138] Pushed 0 inverter(s) to 0 load pin(s).
Netlist sorting complete. Time (s): cpu = 00:00:00 ; elapsed = 00:00:00 . Memory (MB): peak = 2295.574 ; gain = 0.000 ; free physical = 47403 ; free virtual = 54182
INFO: [Project 1-111] Unisim Transformation Summary:
No Unisim elements were transformed.

Synth Design complete | Checksum: 727c3fac
INFO: [Common 17-83] Releasing license: Synthesis
23 Infos, 219 Warnings, 60 Critical Warnings and 0 Errors encountered.
synth_design completed successfully
synth_design: Time (s): cpu = 00:00:11 ; elapsed = 00:00:10 . Memory (MB): peak = 2295.609 ; gain = 934.961 ; free physical = 47402 ; free virtual = 54181
INFO: [Common 17-2834] synth_design peak Physical Memory [PSS] (MB): overall = 1589.248; main = 1589.248; forked = 0.000
INFO: [Common 17-2834] synth_design peak Virtual Memory [VSS] (MB): overall = 2295.578; main = 2295.578; forked = 0.000
INFO: [runtcl-6] Synthesis results are not added to the cache due to CRITICAL_WARNING
Write ShapeDB Complete: Time (s): cpu = 00:00:00.01 ; elapsed = 00:00:00 . Memory (MB): peak = 2319.586 ; gain = 0.000 ; free physical = 47402 ; free virtual = 54182
INFO: [Common 17-1381] The checkpoint '/media/ryanfeng/HardDisk/Study/Git_Repos/UVM_knowledge/Vivado/async_fifo/async_fifo.runs/synth_1/async_fifo.dcp' has been generated.
INFO: [runtcl-4] Executing : report_utilization -file async_fifo_utilization_synth.rpt -pb async_fifo_utilization_synth.pb
INFO: [Common 17-206] Exiting Vivado at Wed Mar 12 22:26:29 2025...
