# vsim "+UVM_TESTNAME=my_test" -c work.test -do "run -all;quit -sim" 
# Start time: 19:45:56 on Mar 25,2025
# ** Note: (vsim-3812) Design is being optimized...
# Loading sv_std.std
# Loading mtiUvm.uvm_pkg(fast)
# Loading mtiUvm.questa_uvm_pkg(fast)
# Loading work.test(fast)
# Loading /usr/questasim/questasim/uvm-1.1d/linux_x86_64/uvm_dpi.so
# run -all
# ----------------------------------------------------------------
# UVM-1.1d
# (C) 2007-2013 Mentor Graphics Corporation
# (C) 2007-2013 Cadence Design Systems, Inc.
# (C) 2006-2013 Synopsys, Inc.
# (C) 2011-2013 Cypress Semiconductor Corp.
# ----------------------------------------------------------------
# 
#   ***********       IMPORTANT RELEASE NOTES         ************
# 
#   You are using a version of the UVM library that has been compiled
#   with `UVM_NO_DEPRECATED undefined.
#   See http://www.eda.org/svdb/view.php?id=3313 for more details.
# 
#   You are using a version of the UVM library that has been compiled
#   with `UVM_OBJECT_MUST_HAVE_CONSTRUCTOR undefined.
#   See http://www.eda.org/svdb/view.php?id=3770 for more details.
# 
#       (Specify +UVM_NO_RELNOTES to turn off this notice)
# 
# UVM_INFO verilog_src/questa_uvm_pkg-1.2/src/questa_uvm_pkg.sv(277) @ 0: reporter [Questa UVM] QUESTA_UVM-1.2.3
# UVM_INFO verilog_src/questa_uvm_pkg-1.2/src/questa_uvm_pkg.sv(278) @ 0: reporter [Questa UVM]  questa_uvm::init(+struct)
# UVM_INFO @ 0: reporter [RNTST] Running test my_test...
# UVM_INFO @ 0: reporter [UVMTOP] UVM testbench topology:
# uvm_test_top: (my_test@466) {
#   m_env: (my_env@473) {
#     m_agent: (master_agent@484) {
#       m_driv: (my_driver@601) {
#         rsp_port: (uvm_analysis_port@616) @616 
#         seq_item_port: (uvm_seq_item_pull_port@608) @608 
#       }
#       m_moni: (my_monitor@624) @624 
#       m_seqr: (uvm_sequencer@492) {
#         rsp_export: (uvm_analysis_export@499) @499 
#         seq_item_export: (uvm_seq_item_pull_imp@593) @593 
#         arbitration_queue: - 
#         lock_queue: - 
#         num_last_reqs: 'd1 
#         num_last_rsps: 'd1 
#       }
#     }
#   }
# }
# 
# UVM_INFO monitor.sv(13) @ 0: uvm_test_top.m_env.m_agent.m_moni [monitor_run_phase] monitor run!
# UVM_INFO driver.sv(17) @ 0: uvm_test_top.m_env.m_agent.m_driv [driver_run_phase] --------------------------------------------------------------------------------------------------
# Name                           Type            Size  Value                                        
# --------------------------------------------------------------------------------------------------
# req                            my_transaction  -     @643                                         
#   sa                           integral        4     'hd                                          
#   da                           integral        4     'h8                                          
#   payload                      da(integral)    3     -                                            
#     [0]                        integral        8     'hb8                                         
#     [1]                        integral        8     'h86                                         
#     [2]                        integral        8     'h56                                         
#   begin_time                   time            64    0                                            
#   depth                        int             32    'd2                                          
#   parent sequence (name)       string          11    my_sequence                                  
#   parent sequence (full name)  string          45    uvm_test_top.m_env.m_agent.m_seqr.my_sequence
#   sequencer                    string          33    uvm_test_top.m_env.m_agent.m_seqr            
# --------------------------------------------------------------------------------------------------
# 
# UVM_INFO monitor.sv(13) @ 100: uvm_test_top.m_env.m_agent.m_moni [monitor_run_phase] monitor run!
# UVM_INFO driver.sv(17) @ 100: uvm_test_top.m_env.m_agent.m_driv [driver_run_phase] --------------------------------------------------------------------------------------------------
# Name                           Type            Size  Value                                        
# --------------------------------------------------------------------------------------------------
# req                            my_transaction  -     @672                                         
#   sa                           integral        4     'hb                                          
#   da                           integral        4     'ha                                          
#   payload                      da(integral)    4     -                                            
#     [0]                        integral        8     'h2d                                         
#     [1]                        integral        8     'h9e                                         
#     [2]                        integral        8     'h6b                                         
#     [3]                        integral        8     'h86                                         
#   begin_time                   time            64    100                                          
#   depth                        int             32    'd2                                          
#   parent sequence (name)       string          11    my_sequence                                  
#   parent sequence (full name)  string          45    uvm_test_top.m_env.m_agent.m_seqr.my_sequence
#   sequencer                    string          33    uvm_test_top.m_env.m_agent.m_seqr            
# --------------------------------------------------------------------------------------------------
# 
# UVM_INFO monitor.sv(13) @ 200: uvm_test_top.m_env.m_agent.m_moni [monitor_run_phase] monitor run!
# UVM_INFO driver.sv(17) @ 200: uvm_test_top.m_env.m_agent.m_driv [driver_run_phase] --------------------------------------------------------------------------------------------------
# Name                           Type            Size  Value                                        
# --------------------------------------------------------------------------------------------------
# req                            my_transaction  -     @676                                         
#   sa                           integral        4     'hd                                          
#   da                           integral        4     'h5                                          
#   payload                      da(integral)    2     -                                            
#     [0]                        integral        8     'h35                                         
#     [1]                        integral        8     'he6                                         
#   begin_time                   time            64    200                                          
#   depth                        int             32    'd2                                          
#   parent sequence (name)       string          11    my_sequence                                  
#   parent sequence (full name)  string          45    uvm_test_top.m_env.m_agent.m_seqr.my_sequence
#   sequencer                    string          33    uvm_test_top.m_env.m_agent.m_seqr            
# --------------------------------------------------------------------------------------------------
# 
# UVM_INFO monitor.sv(13) @ 300: uvm_test_top.m_env.m_agent.m_moni [monitor_run_phase] monitor run!
# UVM_INFO driver.sv(17) @ 300: uvm_test_top.m_env.m_agent.m_driv [driver_run_phase] --------------------------------------------------------------------------------------------------
# Name                           Type            Size  Value                                        
# --------------------------------------------------------------------------------------------------
# req                            my_transaction  -     @680                                         
#   sa                           integral        4     'hf                                          
#   da                           integral        4     'h5                                          
#   payload                      da(integral)    3     -                                            
#     [0]                        integral        8     'h23                                         
#     [1]                        integral        8     'ha0                                         
#     [2]                        integral        8     'hed                                         
#   begin_time                   time            64    300                                          
#   depth                        int             32    'd2                                          
#   parent sequence (name)       string          11    my_sequence                                  
#   parent sequence (full name)  string          45    uvm_test_top.m_env.m_agent.m_seqr.my_sequence
#   sequencer                    string          33    uvm_test_top.m_env.m_agent.m_seqr            
# --------------------------------------------------------------------------------------------------
# 
# UVM_INFO monitor.sv(13) @ 400: uvm_test_top.m_env.m_agent.m_moni [monitor_run_phase] monitor run!
# UVM_INFO driver.sv(17) @ 400: uvm_test_top.m_env.m_agent.m_driv [driver_run_phase] --------------------------------------------------------------------------------------------------
# Name                           Type            Size  Value                                        
# --------------------------------------------------------------------------------------------------
# req                            my_transaction  -     @684                                         
#   sa                           integral        4     'he                                          
#   da                           integral        4     'ha                                          
#   payload                      da(integral)    4     -                                            
#     [0]                        integral        8     'h2c                                         
#     [1]                        integral        8     'h71                                         
#     [2]                        integral        8     'ha5                                         
#     [3]                        integral        8     'h74                                         
#   begin_time                   time            64    400                                          
#   depth                        int             32    'd2                                          
#   parent sequence (name)       string          11    my_sequence                                  
#   parent sequence (full name)  string          45    uvm_test_top.m_env.m_agent.m_seqr.my_sequence
#   sequencer                    string          33    uvm_test_top.m_env.m_agent.m_seqr            
# --------------------------------------------------------------------------------------------------
# 
# UVM_INFO monitor.sv(13) @ 500: uvm_test_top.m_env.m_agent.m_moni [monitor_run_phase] monitor run!
# UVM_INFO driver.sv(17) @ 500: uvm_test_top.m_env.m_agent.m_driv [driver_run_phase] --------------------------------------------------------------------------------------------------
# Name                           Type            Size  Value                                        
# --------------------------------------------------------------------------------------------------
# req                            my_transaction  -     @688                                         
#   sa                           integral        4     'h6                                          
#   da                           integral        4     'h5                                          
#   payload                      da(integral)    2     -                                            
#     [0]                        integral        8     'h87                                         
#     [1]                        integral        8     'h36                                         
#   begin_time                   time            64    500                                          
#   depth                        int             32    'd2                                          
#   parent sequence (name)       string          11    my_sequence                                  
#   parent sequence (full name)  string          45    uvm_test_top.m_env.m_agent.m_seqr.my_sequence
#   sequencer                    string          33    uvm_test_top.m_env.m_agent.m_seqr            
# --------------------------------------------------------------------------------------------------
# 
# UVM_INFO monitor.sv(13) @ 600: uvm_test_top.m_env.m_agent.m_moni [monitor_run_phase] monitor run!
# UVM_INFO driver.sv(17) @ 600: uvm_test_top.m_env.m_agent.m_driv [driver_run_phase] --------------------------------------------------------------------------------------------------
# Name                           Type            Size  Value                                        
# --------------------------------------------------------------------------------------------------
# req                            my_transaction  -     @692                                         
#   sa                           integral        4     'h5                                          
#   da                           integral        4     'h1                                          
#   payload                      da(integral)    4     -                                            
#     [0]                        integral        8     'h44                                         
#     [1]                        integral        8     'h20                                         
#     [2]                        integral        8     'h10                                         
#     [3]                        integral        8     'hac                                         
#   begin_time                   time            64    600                                          
#   depth                        int             32    'd2                                          
#   parent sequence (name)       string          11    my_sequence                                  
#   parent sequence (full name)  string          45    uvm_test_top.m_env.m_agent.m_seqr.my_sequence
#   sequencer                    string          33    uvm_test_top.m_env.m_agent.m_seqr            
# --------------------------------------------------------------------------------------------------
# 
# UVM_INFO monitor.sv(13) @ 700: uvm_test_top.m_env.m_agent.m_moni [monitor_run_phase] monitor run!
# UVM_INFO driver.sv(17) @ 700: uvm_test_top.m_env.m_agent.m_driv [driver_run_phase] --------------------------------------------------------------------------------------------------
# Name                           Type            Size  Value                                        
# --------------------------------------------------------------------------------------------------
# req                            my_transaction  -     @696                                         
#   sa                           integral        4     'hf                                          
#   da                           integral        4     'h2                                          
#   payload                      da(integral)    2     -                                            
#     [0]                        integral        8     'hf2                                         
#     [1]                        integral        8     'h13                                         
#   begin_time                   time            64    700                                          
#   depth                        int             32    'd2                                          
#   parent sequence (name)       string          11    my_sequence                                  
#   parent sequence (full name)  string          45    uvm_test_top.m_env.m_agent.m_seqr.my_sequence
#   sequencer                    string          33    uvm_test_top.m_env.m_agent.m_seqr            
# --------------------------------------------------------------------------------------------------
# 
# UVM_INFO monitor.sv(13) @ 800: uvm_test_top.m_env.m_agent.m_moni [monitor_run_phase] monitor run!
# UVM_INFO driver.sv(17) @ 800: uvm_test_top.m_env.m_agent.m_driv [driver_run_phase] --------------------------------------------------------------------------------------------------
# Name                           Type            Size  Value                                        
# --------------------------------------------------------------------------------------------------
# req                            my_transaction  -     @700                                         
#   sa                           integral        4     'h4                                          
#   da                           integral        4     'he                                          
#   payload                      da(integral)    3     -                                            
#     [0]                        integral        8     'hfd                                         
#     [1]                        integral        8     'h1a                                         
#     [2]                        integral        8     'h18                                         
#   begin_time                   time            64    800                                          
#   depth                        int             32    'd2                                          
#   parent sequence (name)       string          11    my_sequence                                  
#   parent sequence (full name)  string          45    uvm_test_top.m_env.m_agent.m_seqr.my_sequence
#   sequencer                    string          33    uvm_test_top.m_env.m_agent.m_seqr            
# --------------------------------------------------------------------------------------------------
# 
# UVM_INFO monitor.sv(13) @ 900: uvm_test_top.m_env.m_agent.m_moni [monitor_run_phase] monitor run!
# UVM_INFO driver.sv(17) @ 900: uvm_test_top.m_env.m_agent.m_driv [driver_run_phase] --------------------------------------------------------------------------------------------------
# Name                           Type            Size  Value                                        
# --------------------------------------------------------------------------------------------------
# req                            my_transaction  -     @704                                         
#   sa                           integral        4     'h0                                          
#   da                           integral        4     'h6                                          
#   payload                      da(integral)    3     -                                            
#     [0]                        integral        8     'h1c                                         
#     [1]                        integral        8     'h16                                         
#     [2]                        integral        8     'hab                                         
#   begin_time                   time            64    900                                          
#   depth                        int             32    'd2                                          
#   parent sequence (name)       string          11    my_sequence                                  
#   parent sequence (full name)  string          45    uvm_test_top.m_env.m_agent.m_seqr.my_sequence
#   sequencer                    string          33    uvm_test_top.m_env.m_agent.m_seqr            
# --------------------------------------------------------------------------------------------------
# 
# UVM_INFO monitor.sv(13) @ 1000: uvm_test_top.m_env.m_agent.m_moni [monitor_run_phase] monitor run!
# UVM_INFO monitor.sv(13) @ 1100: uvm_test_top.m_env.m_agent.m_moni [monitor_run_phase] monitor run!
# UVM_INFO verilog_src/uvm-1.1d/src/base/uvm_objection.svh(1267) @ 1100: reporter [TEST_DONE] 'run' phase is ready to proceed to the 'extract' phase
# 
# --- UVM Report Summary ---
# 
# ** Report counts by severity
# UVM_INFO :   27
# UVM_WARNING :    0
# UVM_ERROR :    0
# UVM_FATAL :    0
# ** Report counts by id
# [Questa UVM]     2
# [RNTST]     1
# [TEST_DONE]     1
# [UVMTOP]     1
# [driver_run_phase]    10
# [monitor_run_phase]    12
# ** Note: $finish    : /usr/questasim/questasim/linux_x86_64/../verilog_src/uvm-1.1d/src/base/uvm_root.svh(430)
#    Time: 1100 ns  Iteration: 48  Instance: /test
# 1
# Break in Task uvm_pkg/uvm_root::run_test at /usr/questasim/questasim/linux_x86_64/../verilog_src/uvm-1.1d/src/base/uvm_root.svh line 430
# quit -sim
# End time: 19:46:07 on Mar 25,2025, Elapsed time: 0:00:11
# Errors: 0, Warnings: 5
ls
# agent.sv
# driver.sv
# env.sv
# monitor.sv
# run.do
# run.log
# sequencer.sv
# sequence.sv
# simple_uvm_0.mpf
# testcase.sv
# top_simulation.sv
# transaction.sv
# work
# Compile of agent.sv was successful.
# Compile of driver.sv was successful.
# Compile of env.sv was successful.
# Compile of monitor.sv was successful.
# Compile of sequence.sv was successful.
# Compile of sequencer.sv was successful.
# Compile of testcase.sv was successful.
# Compile of top_simulation.sv was successful.
# Compile of transaction.sv was successful.
# 9 compiles, 0 failed with no errors.
