# vsim "+UVM_TESTNAME=my_test_drive_count" -c work.test -do "run -all;quit -sim" -logfile run.log 
# Start time: 22:46:04 on Mar 27,2025
# ** Note: (vsim-3812) Design is being optimized...
# Loading sv_std.std
# Loading mtiUvm.uvm_pkg(fast)
# Loading mtiUvm.questa_uvm_pkg(fast)
# Loading work.test(fast)
# Loading /usr/questasim/questasim/uvm-1.1d/linux_x86_64/uvm_dpi.so
# run -all
# ----------------------------------------------------------------
# UVM-1.1d
# (C) 2007-2013 Mentor Graphics Corporation
# (C) 2007-2013 Cadence Design Systems, Inc.
# (C) 2006-2013 Synopsys, Inc.
# (C) 2011-2013 Cypress Semiconductor Corp.
# ----------------------------------------------------------------
# 
#   ***********       IMPORTANT RELEASE NOTES         ************
# 
#   You are using a version of the UVM library that has been compiled
#   with `UVM_NO_DEPRECATED undefined.
#   See http://www.eda.org/svdb/view.php?id=3313 for more details.
# 
#   You are using a version of the UVM library that has been compiled
#   with `UVM_OBJECT_MUST_HAVE_CONSTRUCTOR undefined.
#   See http://www.eda.org/svdb/view.php?id=3770 for more details.
# 
#       (Specify +UVM_NO_RELNOTES to turn off this notice)
# 
# UVM_INFO verilog_src/questa_uvm_pkg-1.2/src/questa_uvm_pkg.sv(277) @ 0: reporter [Questa UVM] QUESTA_UVM-1.2.3
# UVM_INFO verilog_src/questa_uvm_pkg-1.2/src/questa_uvm_pkg.sv(278) @ 0: reporter [Questa UVM]  questa_uvm::init(+struct)
# UVM_INFO @ 0: reporter [RNTST] Running test my_test_drive_count...
# UVM_INFO @ 0: reporter [UVMTOP] UVM testbench topology:
# uvm_test_top: (my_test_drive_count@466) {
#   m_env: (my_env@473) {
#     m_agent: (master_agent@484) {
#       m_driv: (my_driver_count@601) {
#         rsp_port: (uvm_analysis_port@616) @616 
#         seq_item_port: (uvm_seq_item_pull_port@608) @608 
#       }
#       m_moni: (my_monitor@624) @624 
#       m_seqr: (uvm_sequencer@492) {
#         rsp_export: (uvm_analysis_export@499) @499 
#         seq_item_export: (uvm_seq_item_pull_imp@593) @593 
#         arbitration_queue: - 
#         lock_queue: - 
#         num_last_reqs: 'd1 
#         num_last_rsps: 'd1 
#       }
#     }
#   }
# }
# 
# UVM_INFO monitor.sv(14) @ 0: uvm_test_top.m_env.m_agent.m_moni [monitor_run_phase] monitor run!
# UVM_INFO driver_count.sv(18) @ 0: uvm_test_top.m_env.m_agent.m_driv [driver_run_phase] --------------------------------------------------------------------------------------------------
# Name                           Type            Size  Value                                        
# --------------------------------------------------------------------------------------------------
# req                            my_transaction  -     @643                                         
#   sa                           integral        4     'hd                                          
#   da                           integral        4     'h8                                          
#   payload                      da(integral)    3     -                                            
#     [0]                        integral        8     'hb8                                         
#     [1]                        integral        8     'h86                                         
#     [2]                        integral        8     'h56                                         
#   begin_time                   time            64    0                                            
#   depth                        int             32    'd2                                          
#   parent sequence (name)       string          11    my_sequence                                  
#   parent sequence (full name)  string          45    uvm_test_top.m_env.m_agent.m_seqr.my_sequence
#   sequencer                    string          33    uvm_test_top.m_env.m_agent.m_seqr            
# --------------------------------------------------------------------------------------------------
# 
# UVM_INFO monitor.sv(14) @ 100: uvm_test_top.m_env.m_agent.m_moni [monitor_run_phase] monitor run!
# UVM_INFO driver_count.sv(20) @ 100: uvm_test_top.m_env.m_agent.m_driv [driver_run_phase] driver get the 0th item!
# UVM_INFO driver_count.sv(18) @ 100: uvm_test_top.m_env.m_agent.m_driv [driver_run_phase] --------------------------------------------------------------------------------------------------
# Name                           Type            Size  Value                                        
# --------------------------------------------------------------------------------------------------
# req                            my_transaction  -     @672                                         
#   sa                           integral        4     'hb                                          
#   da                           integral        4     'ha                                          
#   payload                      da(integral)    4     -                                            
#     [0]                        integral        8     'h2d                                         
#     [1]                        integral        8     'h9e                                         
#     [2]                        integral        8     'h6b                                         
#     [3]                        integral        8     'h86                                         
#   begin_time                   time            64    100                                          
#   depth                        int             32    'd2                                          
#   parent sequence (name)       string          11    my_sequence                                  
#   parent sequence (full name)  string          45    uvm_test_top.m_env.m_agent.m_seqr.my_sequence
#   sequencer                    string          33    uvm_test_top.m_env.m_agent.m_seqr            
# --------------------------------------------------------------------------------------------------
# 
# UVM_INFO monitor.sv(14) @ 200: uvm_test_top.m_env.m_agent.m_moni [monitor_run_phase] monitor run!
# UVM_INFO driver_count.sv(20) @ 200: uvm_test_top.m_env.m_agent.m_driv [driver_run_phase] driver get the 1th item!
# UVM_INFO driver_count.sv(18) @ 200: uvm_test_top.m_env.m_agent.m_driv [driver_run_phase] --------------------------------------------------------------------------------------------------
# Name                           Type            Size  Value                                        
# --------------------------------------------------------------------------------------------------
# req                            my_transaction  -     @676                                         
#   sa                           integral        4     'hd                                          
#   da                           integral        4     'h5                                          
#   payload                      da(integral)    2     -                                            
#     [0]                        integral        8     'h35                                         
#     [1]                        integral        8     'he6                                         
#   begin_time                   time            64    200                                          
#   depth                        int             32    'd2                                          
#   parent sequence (name)       string          11    my_sequence                                  
#   parent sequence (full name)  string          45    uvm_test_top.m_env.m_agent.m_seqr.my_sequence
#   sequencer                    string          33    uvm_test_top.m_env.m_agent.m_seqr            
# --------------------------------------------------------------------------------------------------
# 
# UVM_INFO monitor.sv(14) @ 300: uvm_test_top.m_env.m_agent.m_moni [monitor_run_phase] monitor run!
# UVM_INFO driver_count.sv(20) @ 300: uvm_test_top.m_env.m_agent.m_driv [driver_run_phase] driver get the 2th item!
# UVM_INFO driver_count.sv(18) @ 300: uvm_test_top.m_env.m_agent.m_driv [driver_run_phase] --------------------------------------------------------------------------------------------------
# Name                           Type            Size  Value                                        
# --------------------------------------------------------------------------------------------------
# req                            my_transaction  -     @680                                         
#   sa                           integral        4     'hf                                          
#   da                           integral        4     'h5                                          
#   payload                      da(integral)    3     -                                            
#     [0]                        integral        8     'h23                                         
#     [1]                        integral        8     'ha0                                         
#     [2]                        integral        8     'hed                                         
#   begin_time                   time            64    300                                          
#   depth                        int             32    'd2                                          
#   parent sequence (name)       string          11    my_sequence                                  
#   parent sequence (full name)  string          45    uvm_test_top.m_env.m_agent.m_seqr.my_sequence
#   sequencer                    string          33    uvm_test_top.m_env.m_agent.m_seqr            
# --------------------------------------------------------------------------------------------------
# 
# UVM_INFO monitor.sv(14) @ 400: uvm_test_top.m_env.m_agent.m_moni [monitor_run_phase] monitor run!
# UVM_INFO driver_count.sv(20) @ 400: uvm_test_top.m_env.m_agent.m_driv [driver_run_phase] driver get the 3th item!
# UVM_INFO driver_count.sv(18) @ 400: uvm_test_top.m_env.m_agent.m_driv [driver_run_phase] --------------------------------------------------------------------------------------------------
# Name                           Type            Size  Value                                        
# --------------------------------------------------------------------------------------------------
# req                            my_transaction  -     @684                                         
#   sa                           integral        4     'he                                          
#   da                           integral        4     'ha                                          
#   payload                      da(integral)    4     -                                            
#     [0]                        integral        8     'h2c                                         
#     [1]                        integral        8     'h71                                         
#     [2]                        integral        8     'ha5                                         
#     [3]                        integral        8     'h74                                         
#   begin_time                   time            64    400                                          
#   depth                        int             32    'd2                                          
#   parent sequence (name)       string          11    my_sequence                                  
#   parent sequence (full name)  string          45    uvm_test_top.m_env.m_agent.m_seqr.my_sequence
#   sequencer                    string          33    uvm_test_top.m_env.m_agent.m_seqr            
# --------------------------------------------------------------------------------------------------
# 
# UVM_INFO monitor.sv(14) @ 500: uvm_test_top.m_env.m_agent.m_moni [monitor_run_phase] monitor run!
# UVM_INFO driver_count.sv(20) @ 500: uvm_test_top.m_env.m_agent.m_driv [driver_run_phase] driver get the 4th item!
# UVM_INFO driver_count.sv(18) @ 500: uvm_test_top.m_env.m_agent.m_driv [driver_run_phase] --------------------------------------------------------------------------------------------------
# Name                           Type            Size  Value                                        
# --------------------------------------------------------------------------------------------------
# req                            my_transaction  -     @688                                         
#   sa                           integral        4     'h6                                          
#   da                           integral        4     'h5                                          
#   payload                      da(integral)    2     -                                            
#     [0]                        integral        8     'h87                                         
#     [1]                        integral        8     'h36                                         
#   begin_time                   time            64    500                                          
#   depth                        int             32    'd2                                          
#   parent sequence (name)       string          11    my_sequence                                  
#   parent sequence (full name)  string          45    uvm_test_top.m_env.m_agent.m_seqr.my_sequence
#   sequencer                    string          33    uvm_test_top.m_env.m_agent.m_seqr            
# --------------------------------------------------------------------------------------------------
# 
# UVM_INFO monitor.sv(14) @ 600: uvm_test_top.m_env.m_agent.m_moni [monitor_run_phase] monitor run!
# UVM_INFO driver_count.sv(20) @ 600: uvm_test_top.m_env.m_agent.m_driv [driver_run_phase] driver get the 5th item!
# UVM_INFO driver_count.sv(18) @ 600: uvm_test_top.m_env.m_agent.m_driv [driver_run_phase] --------------------------------------------------------------------------------------------------
# Name                           Type            Size  Value                                        
# --------------------------------------------------------------------------------------------------
# req                            my_transaction  -     @692                                         
#   sa                           integral        4     'h5                                          
#   da                           integral        4     'h1                                          
#   payload                      da(integral)    4     -                                            
#     [0]                        integral        8     'h44                                         
#     [1]                        integral        8     'h20                                         
#     [2]                        integral        8     'h10                                         
#     [3]                        integral        8     'hac                                         
#   begin_time                   time            64    600                                          
#   depth                        int             32    'd2                                          
#   parent sequence (name)       string          11    my_sequence                                  
#   parent sequence (full name)  string          45    uvm_test_top.m_env.m_agent.m_seqr.my_sequence
#   sequencer                    string          33    uvm_test_top.m_env.m_agent.m_seqr            
# --------------------------------------------------------------------------------------------------
# 
# UVM_INFO monitor.sv(14) @ 700: uvm_test_top.m_env.m_agent.m_moni [monitor_run_phase] monitor run!
# UVM_INFO driver_count.sv(20) @ 700: uvm_test_top.m_env.m_agent.m_driv [driver_run_phase] driver get the 6th item!
# UVM_INFO driver_count.sv(18) @ 700: uvm_test_top.m_env.m_agent.m_driv [driver_run_phase] --------------------------------------------------------------------------------------------------
# Name                           Type            Size  Value                                        
# --------------------------------------------------------------------------------------------------
# req                            my_transaction  -     @696                                         
#   sa                           integral        4     'hf                                          
#   da                           integral        4     'h2                                          
#   payload                      da(integral)    2     -                                            
#     [0]                        integral        8     'hf2                                         
#     [1]                        integral        8     'h13                                         
#   begin_time                   time            64    700                                          
#   depth                        int             32    'd2                                          
#   parent sequence (name)       string          11    my_sequence                                  
#   parent sequence (full name)  string          45    uvm_test_top.m_env.m_agent.m_seqr.my_sequence
#   sequencer                    string          33    uvm_test_top.m_env.m_agent.m_seqr            
# --------------------------------------------------------------------------------------------------
# 
# UVM_INFO monitor.sv(14) @ 800: uvm_test_top.m_env.m_agent.m_moni [monitor_run_phase] monitor run!
# UVM_INFO driver_count.sv(20) @ 800: uvm_test_top.m_env.m_agent.m_driv [driver_run_phase] driver get the 7th item!
# UVM_INFO driver_count.sv(18) @ 800: uvm_test_top.m_env.m_agent.m_driv [driver_run_phase] --------------------------------------------------------------------------------------------------
# Name                           Type            Size  Value                                        
# --------------------------------------------------------------------------------------------------
# req                            my_transaction  -     @700                                         
#   sa                           integral        4     'h4                                          
#   da                           integral        4     'he                                          
#   payload                      da(integral)    3     -                                            
#     [0]                        integral        8     'hfd                                         
#     [1]                        integral        8     'h1a                                         
#     [2]                        integral        8     'h18                                         
#   begin_time                   time            64    800                                          
#   depth                        int             32    'd2                                          
#   parent sequence (name)       string          11    my_sequence                                  
#   parent sequence (full name)  string          45    uvm_test_top.m_env.m_agent.m_seqr.my_sequence
#   sequencer                    string          33    uvm_test_top.m_env.m_agent.m_seqr            
# --------------------------------------------------------------------------------------------------
# 
# UVM_INFO monitor.sv(14) @ 900: uvm_test_top.m_env.m_agent.m_moni [monitor_run_phase] monitor run!
# UVM_INFO driver_count.sv(20) @ 900: uvm_test_top.m_env.m_agent.m_driv [driver_run_phase] driver get the 8th item!
# UVM_INFO driver_count.sv(18) @ 900: uvm_test_top.m_env.m_agent.m_driv [driver_run_phase] --------------------------------------------------------------------------------------------------
# Name                           Type            Size  Value                                        
# --------------------------------------------------------------------------------------------------
# req                            my_transaction  -     @704                                         
#   sa                           integral        4     'h0                                          
#   da                           integral        4     'h6                                          
#   payload                      da(integral)    3     -                                            
#     [0]                        integral        8     'h1c                                         
#     [1]                        integral        8     'h16                                         
#     [2]                        integral        8     'hab                                         
#   begin_time                   time            64    900                                          
#   depth                        int             32    'd2                                          
#   parent sequence (name)       string          11    my_sequence                                  
#   parent sequence (full name)  string          45    uvm_test_top.m_env.m_agent.m_seqr.my_sequence
#   sequencer                    string          33    uvm_test_top.m_env.m_agent.m_seqr            
# --------------------------------------------------------------------------------------------------
# 
# UVM_INFO monitor.sv(14) @ 1000: uvm_test_top.m_env.m_agent.m_moni [monitor_run_phase] monitor run!
# UVM_INFO driver_count.sv(20) @ 1000: uvm_test_top.m_env.m_agent.m_driv [driver_run_phase] driver get the 9th item!
# UVM_INFO monitor.sv(14) @ 1100: uvm_test_top.m_env.m_agent.m_moni [monitor_run_phase] monitor run!
# UVM_INFO verilog_src/uvm-1.1d/src/base/uvm_objection.svh(1267) @ 1100: reporter [TEST_DONE] 'run' phase is ready to proceed to the 'extract' phase
# 
#### Factory Configuration (*)
# 
# No instance overrides are registered with this factory
# 
# Type Overrides:
# 
#   Requested Type  Override Type  
#   --------------  ---------------
#   my_driver       my_driver_count
# 
# All types registered with the factory: 50 total
# (types without type names will not be printed)
# 
#   Type Name
#   ---------
#   master_agent
#   my_driver
#   my_driver_count
#   my_env
#   my_monitor
#   my_sequence
#   my_test
#   my_test_da3
#   my_test_drive_count
#   my_test_inst_da3
#   my_transaction
#   my_transaction_da3
#   questa_uvm_recorder
# (*) Types with no associated type name will be printed as <unknown>
# 
####
# 
# 
# --- UVM Report Summary ---
# 
# ** Report counts by severity
# UVM_INFO :   37
# UVM_WARNING :    0
# UVM_ERROR :    0
# UVM_FATAL :    0
# ** Report counts by id
# [Questa UVM]     2
# [RNTST]     1
# [TEST_DONE]     1
# [UVMTOP]     1
# [driver_run_phase]    20
# [monitor_run_phase]    12
# ** Note: $finish    : /usr/questasim/questasim/linux_x86_64/../verilog_src/uvm-1.1d/src/base/uvm_root.svh(430)
#    Time: 1100 ns  Iteration: 48  Instance: /test
# 1
# Break in Task uvm_pkg/uvm_root::run_test at /usr/questasim/questasim/linux_x86_64/../verilog_src/uvm-1.1d/src/base/uvm_root.svh line 430
# quit -sim
# End time: 22:46:13 on Mar 27,2025, Elapsed time: 0:00:09
# Errors: 0, Warnings: 11
do run.do
# QuestaSim-64 vlog 2021.2_1 Compiler 2021.05 May 15 2021
# Start time: 22:46:49 on Mar 27,2025
# vlog -reportprogress 300 -sv top_simulation.sv 
# -- Compiling program test
# ** Note: (vlog-2286) transaction.sv(4): Using implicit +incdir+/usr/questasim/questasim/uvm-1.1d/../verilog_src/uvm-1.1d/src from import uvm_pkg
# -- Importing package mtiUvm.uvm_pkg (uvm-1.1d Built-in)
# 
# Top level modules:
# 	test
# End time: 22:46:49 on Mar 27,2025, Elapsed time: 0:00:00
# Errors: 0, Warnings: 0
# vsim "+UVM_TESTNAME=my_test_drive_count" -c work.test -do "run -all;quit -sim" -logfile run.log 
# Start time: 22:46:49 on Mar 27,2025
# ** Note: (vsim-3813) Design is being optimized due to module recompilation...
# Loading sv_std.std
# Loading mtiUvm.uvm_pkg(fast)
# Loading mtiUvm.questa_uvm_pkg(fast)
# Loading work.test(fast)
# Loading /usr/questasim/questasim/uvm-1.1d/linux_x86_64/uvm_dpi.so
# run -all
# ----------------------------------------------------------------
# UVM-1.1d
# (C) 2007-2013 Mentor Graphics Corporation
# (C) 2007-2013 Cadence Design Systems, Inc.
# (C) 2006-2013 Synopsys, Inc.
# (C) 2011-2013 Cypress Semiconductor Corp.
# ----------------------------------------------------------------
# 
#   ***********       IMPORTANT RELEASE NOTES         ************
# 
#   You are using a version of the UVM library that has been compiled
#   with `UVM_NO_DEPRECATED undefined.
#   See http://www.eda.org/svdb/view.php?id=3313 for more details.
# 
#   You are using a version of the UVM library that has been compiled
#   with `UVM_OBJECT_MUST_HAVE_CONSTRUCTOR undefined.
#   See http://www.eda.org/svdb/view.php?id=3770 for more details.
# 
#       (Specify +UVM_NO_RELNOTES to turn off this notice)
# 
# UVM_INFO verilog_src/questa_uvm_pkg-1.2/src/questa_uvm_pkg.sv(277) @ 0: reporter [Questa UVM] QUESTA_UVM-1.2.3
# UVM_INFO verilog_src/questa_uvm_pkg-1.2/src/questa_uvm_pkg.sv(278) @ 0: reporter [Questa UVM]  questa_uvm::init(+struct)
# UVM_INFO @ 0: reporter [RNTST] Running test my_test_drive_count...
# UVM_INFO @ 0: reporter [UVMTOP] UVM testbench topology:
# uvm_test_top: (my_test_drive_count@466) {
#   m_env: (my_env@473) {
#     m_agent: (master_agent@484) {
#       m_driv: (my_driver_count@601) {
#         rsp_port: (uvm_analysis_port@616) @616 
#         seq_item_port: (uvm_seq_item_pull_port@608) @608 
#       }
#       m_moni: (my_monitor@624) @624 
#       m_seqr: (uvm_sequencer@492) {
#         rsp_export: (uvm_analysis_export@499) @499 
#         seq_item_export: (uvm_seq_item_pull_imp@593) @593 
#         arbitration_queue: - 
#         lock_queue: - 
#         num_last_reqs: 'd1 
#         num_last_rsps: 'd1 
#       }
#     }
#   }
# }
# 
# UVM_INFO monitor.sv(14) @ 0: uvm_test_top.m_env.m_agent.m_moni [monitor_run_phase] monitor run!
# UVM_INFO driver_count.sv(18) @ 0: uvm_test_top.m_env.m_agent.m_driv [driver_run_phase] --------------------------------------------------------------------------------------------------
# Name                           Type            Size  Value                                        
# --------------------------------------------------------------------------------------------------
# req                            my_transaction  -     @643                                         
#   sa                           integral        4     'hd                                          
#   da                           integral        4     'h8                                          
#   payload                      da(integral)    3     -                                            
#     [0]                        integral        8     'hb8                                         
#     [1]                        integral        8     'h86                                         
#     [2]                        integral        8     'h56                                         
#   begin_time                   time            64    0                                            
#   depth                        int             32    'd2                                          
#   parent sequence (name)       string          11    my_sequence                                  
#   parent sequence (full name)  string          45    uvm_test_top.m_env.m_agent.m_seqr.my_sequence
#   sequencer                    string          33    uvm_test_top.m_env.m_agent.m_seqr            
# --------------------------------------------------------------------------------------------------
# 
# UVM_INFO monitor.sv(14) @ 100: uvm_test_top.m_env.m_agent.m_moni [monitor_run_phase] monitor run!
# UVM_INFO driver_count.sv(20) @ 100: uvm_test_top.m_env.m_agent.m_driv [driver_run_phase] driver get the 1th item!
# UVM_INFO driver_count.sv(18) @ 100: uvm_test_top.m_env.m_agent.m_driv [driver_run_phase] --------------------------------------------------------------------------------------------------
# Name                           Type            Size  Value                                        
# --------------------------------------------------------------------------------------------------
# req                            my_transaction  -     @672                                         
#   sa                           integral        4     'hb                                          
#   da                           integral        4     'ha                                          
#   payload                      da(integral)    4     -                                            
#     [0]                        integral        8     'h2d                                         
#     [1]                        integral        8     'h9e                                         
#     [2]                        integral        8     'h6b                                         
#     [3]                        integral        8     'h86                                         
#   begin_time                   time            64    100                                          
#   depth                        int             32    'd2                                          
#   parent sequence (name)       string          11    my_sequence                                  
#   parent sequence (full name)  string          45    uvm_test_top.m_env.m_agent.m_seqr.my_sequence
#   sequencer                    string          33    uvm_test_top.m_env.m_agent.m_seqr            
# --------------------------------------------------------------------------------------------------
# 
# UVM_INFO monitor.sv(14) @ 200: uvm_test_top.m_env.m_agent.m_moni [monitor_run_phase] monitor run!
# UVM_INFO driver_count.sv(20) @ 200: uvm_test_top.m_env.m_agent.m_driv [driver_run_phase] driver get the 2th item!
# UVM_INFO driver_count.sv(18) @ 200: uvm_test_top.m_env.m_agent.m_driv [driver_run_phase] --------------------------------------------------------------------------------------------------
# Name                           Type            Size  Value                                        
# --------------------------------------------------------------------------------------------------
# req                            my_transaction  -     @676                                         
#   sa                           integral        4     'hd                                          
#   da                           integral        4     'h5                                          
#   payload                      da(integral)    2     -                                            
#     [0]                        integral        8     'h35                                         
#     [1]                        integral        8     'he6                                         
#   begin_time                   time            64    200                                          
#   depth                        int             32    'd2                                          
#   parent sequence (name)       string          11    my_sequence                                  
#   parent sequence (full name)  string          45    uvm_test_top.m_env.m_agent.m_seqr.my_sequence
#   sequencer                    string          33    uvm_test_top.m_env.m_agent.m_seqr            
# --------------------------------------------------------------------------------------------------
# 
# UVM_INFO monitor.sv(14) @ 300: uvm_test_top.m_env.m_agent.m_moni [monitor_run_phase] monitor run!
# UVM_INFO driver_count.sv(20) @ 300: uvm_test_top.m_env.m_agent.m_driv [driver_run_phase] driver get the 3th item!
# UVM_INFO driver_count.sv(18) @ 300: uvm_test_top.m_env.m_agent.m_driv [driver_run_phase] --------------------------------------------------------------------------------------------------
# Name                           Type            Size  Value                                        
# --------------------------------------------------------------------------------------------------
# req                            my_transaction  -     @680                                         
#   sa                           integral        4     'hf                                          
#   da                           integral        4     'h5                                          
#   payload                      da(integral)    3     -                                            
#     [0]                        integral        8     'h23                                         
#     [1]                        integral        8     'ha0                                         
#     [2]                        integral        8     'hed                                         
#   begin_time                   time            64    300                                          
#   depth                        int             32    'd2                                          
#   parent sequence (name)       string          11    my_sequence                                  
#   parent sequence (full name)  string          45    uvm_test_top.m_env.m_agent.m_seqr.my_sequence
#   sequencer                    string          33    uvm_test_top.m_env.m_agent.m_seqr            
# --------------------------------------------------------------------------------------------------
# 
# UVM_INFO monitor.sv(14) @ 400: uvm_test_top.m_env.m_agent.m_moni [monitor_run_phase] monitor run!
# UVM_INFO driver_count.sv(20) @ 400: uvm_test_top.m_env.m_agent.m_driv [driver_run_phase] driver get the 4th item!
# UVM_INFO driver_count.sv(18) @ 400: uvm_test_top.m_env.m_agent.m_driv [driver_run_phase] --------------------------------------------------------------------------------------------------
# Name                           Type            Size  Value                                        
# --------------------------------------------------------------------------------------------------
# req                            my_transaction  -     @684                                         
#   sa                           integral        4     'he                                          
#   da                           integral        4     'ha                                          
#   payload                      da(integral)    4     -                                            
#     [0]                        integral        8     'h2c                                         
#     [1]                        integral        8     'h71                                         
#     [2]                        integral        8     'ha5                                         
#     [3]                        integral        8     'h74                                         
#   begin_time                   time            64    400                                          
#   depth                        int             32    'd2                                          
#   parent sequence (name)       string          11    my_sequence                                  
#   parent sequence (full name)  string          45    uvm_test_top.m_env.m_agent.m_seqr.my_sequence
#   sequencer                    string          33    uvm_test_top.m_env.m_agent.m_seqr            
# --------------------------------------------------------------------------------------------------
# 
# UVM_INFO monitor.sv(14) @ 500: uvm_test_top.m_env.m_agent.m_moni [monitor_run_phase] monitor run!
# UVM_INFO driver_count.sv(20) @ 500: uvm_test_top.m_env.m_agent.m_driv [driver_run_phase] driver get the 5th item!
# UVM_INFO driver_count.sv(18) @ 500: uvm_test_top.m_env.m_agent.m_driv [driver_run_phase] --------------------------------------------------------------------------------------------------
# Name                           Type            Size  Value                                        
# --------------------------------------------------------------------------------------------------
# req                            my_transaction  -     @688                                         
#   sa                           integral        4     'h6                                          
#   da                           integral        4     'h5                                          
#   payload                      da(integral)    2     -                                            
#     [0]                        integral        8     'h87                                         
#     [1]                        integral        8     'h36                                         
#   begin_time                   time            64    500                                          
#   depth                        int             32    'd2                                          
#   parent sequence (name)       string          11    my_sequence                                  
#   parent sequence (full name)  string          45    uvm_test_top.m_env.m_agent.m_seqr.my_sequence
#   sequencer                    string          33    uvm_test_top.m_env.m_agent.m_seqr            
# --------------------------------------------------------------------------------------------------
# 
# UVM_INFO monitor.sv(14) @ 600: uvm_test_top.m_env.m_agent.m_moni [monitor_run_phase] monitor run!
# UVM_INFO driver_count.sv(20) @ 600: uvm_test_top.m_env.m_agent.m_driv [driver_run_phase] driver get the 6th item!
# UVM_INFO driver_count.sv(18) @ 600: uvm_test_top.m_env.m_agent.m_driv [driver_run_phase] --------------------------------------------------------------------------------------------------
# Name                           Type            Size  Value                                        
# --------------------------------------------------------------------------------------------------
# req                            my_transaction  -     @692                                         
#   sa                           integral        4     'h5                                          
#   da                           integral        4     'h1                                          
#   payload                      da(integral)    4     -                                            
#     [0]                        integral        8     'h44                                         
#     [1]                        integral        8     'h20                                         
#     [2]                        integral        8     'h10                                         
#     [3]                        integral        8     'hac                                         
#   begin_time                   time            64    600                                          
#   depth                        int             32    'd2                                          
#   parent sequence (name)       string          11    my_sequence                                  
#   parent sequence (full name)  string          45    uvm_test_top.m_env.m_agent.m_seqr.my_sequence
#   sequencer                    string          33    uvm_test_top.m_env.m_agent.m_seqr            
# --------------------------------------------------------------------------------------------------
# 
# UVM_INFO monitor.sv(14) @ 700: uvm_test_top.m_env.m_agent.m_moni [monitor_run_phase] monitor run!
# UVM_INFO driver_count.sv(20) @ 700: uvm_test_top.m_env.m_agent.m_driv [driver_run_phase] driver get the 7th item!
# UVM_INFO driver_count.sv(18) @ 700: uvm_test_top.m_env.m_agent.m_driv [driver_run_phase] --------------------------------------------------------------------------------------------------
# Name                           Type            Size  Value                                        
# --------------------------------------------------------------------------------------------------
# req                            my_transaction  -     @696                                         
#   sa                           integral        4     'hf                                          
#   da                           integral        4     'h2                                          
#   payload                      da(integral)    2     -                                            
#     [0]                        integral        8     'hf2                                         
#     [1]                        integral        8     'h13                                         
#   begin_time                   time            64    700                                          
#   depth                        int             32    'd2                                          
#   parent sequence (name)       string          11    my_sequence                                  
#   parent sequence (full name)  string          45    uvm_test_top.m_env.m_agent.m_seqr.my_sequence
#   sequencer                    string          33    uvm_test_top.m_env.m_agent.m_seqr            
# --------------------------------------------------------------------------------------------------
# 
# UVM_INFO monitor.sv(14) @ 800: uvm_test_top.m_env.m_agent.m_moni [monitor_run_phase] monitor run!
# UVM_INFO driver_count.sv(20) @ 800: uvm_test_top.m_env.m_agent.m_driv [driver_run_phase] driver get the 8th item!
# UVM_INFO driver_count.sv(18) @ 800: uvm_test_top.m_env.m_agent.m_driv [driver_run_phase] --------------------------------------------------------------------------------------------------
# Name                           Type            Size  Value                                        
# --------------------------------------------------------------------------------------------------
# req                            my_transaction  -     @700                                         
#   sa                           integral        4     'h4                                          
#   da                           integral        4     'he                                          
#   payload                      da(integral)    3     -                                            
#     [0]                        integral        8     'hfd                                         
#     [1]                        integral        8     'h1a                                         
#     [2]                        integral        8     'h18                                         
#   begin_time                   time            64    800                                          
#   depth                        int             32    'd2                                          
#   parent sequence (name)       string          11    my_sequence                                  
#   parent sequence (full name)  string          45    uvm_test_top.m_env.m_agent.m_seqr.my_sequence
#   sequencer                    string          33    uvm_test_top.m_env.m_agent.m_seqr            
# --------------------------------------------------------------------------------------------------
# 
# UVM_INFO monitor.sv(14) @ 900: uvm_test_top.m_env.m_agent.m_moni [monitor_run_phase] monitor run!
# UVM_INFO driver_count.sv(20) @ 900: uvm_test_top.m_env.m_agent.m_driv [driver_run_phase] driver get the 9th item!
# UVM_INFO driver_count.sv(18) @ 900: uvm_test_top.m_env.m_agent.m_driv [driver_run_phase] --------------------------------------------------------------------------------------------------
# Name                           Type            Size  Value                                        
# --------------------------------------------------------------------------------------------------
# req                            my_transaction  -     @704                                         
#   sa                           integral        4     'h0                                          
#   da                           integral        4     'h6                                          
#   payload                      da(integral)    3     -                                            
#     [0]                        integral        8     'h1c                                         
#     [1]                        integral        8     'h16                                         
#     [2]                        integral        8     'hab                                         
#   begin_time                   time            64    900                                          
#   depth                        int             32    'd2                                          
#   parent sequence (name)       string          11    my_sequence                                  
#   parent sequence (full name)  string          45    uvm_test_top.m_env.m_agent.m_seqr.my_sequence
#   sequencer                    string          33    uvm_test_top.m_env.m_agent.m_seqr            
# --------------------------------------------------------------------------------------------------
# 
# UVM_INFO monitor.sv(14) @ 1000: uvm_test_top.m_env.m_agent.m_moni [monitor_run_phase] monitor run!
# UVM_INFO driver_count.sv(20) @ 1000: uvm_test_top.m_env.m_agent.m_driv [driver_run_phase] driver get the 10th item!
# UVM_INFO monitor.sv(14) @ 1100: uvm_test_top.m_env.m_agent.m_moni [monitor_run_phase] monitor run!
# UVM_INFO verilog_src/uvm-1.1d/src/base/uvm_objection.svh(1267) @ 1100: reporter [TEST_DONE] 'run' phase is ready to proceed to the 'extract' phase
# 
#### Factory Configuration (*)
# 
# No instance overrides are registered with this factory
# 
# Type Overrides:
# 
#   Requested Type  Override Type  
#   --------------  ---------------
#   my_driver       my_driver_count
# 
# All types registered with the factory: 50 total
# (types without type names will not be printed)
# 
#   Type Name
#   ---------
#   master_agent
#   my_driver
#   my_driver_count
#   my_env
#   my_monitor
#   my_sequence
#   my_test
#   my_test_da3
#   my_test_drive_count
#   my_test_inst_da3
#   my_transaction
#   my_transaction_da3
#   questa_uvm_recorder
# (*) Types with no associated type name will be printed as <unknown>
# 
####
# 
# 
# --- UVM Report Summary ---
# 
# ** Report counts by severity
# UVM_INFO :   37
# UVM_WARNING :    0
# UVM_ERROR :    0
# UVM_FATAL :    0
# ** Report counts by id
# [Questa UVM]     2
# [RNTST]     1
# [TEST_DONE]     1
# [UVMTOP]     1
# [driver_run_phase]    20
# [monitor_run_phase]    12
# ** Note: $finish    : /usr/questasim/questasim/linux_x86_64/../verilog_src/uvm-1.1d/src/base/uvm_root.svh(430)
#    Time: 1100 ns  Iteration: 48  Instance: /test
# 1
# Break in Task uvm_pkg/uvm_root::run_test at /usr/questasim/questasim/linux_x86_64/../verilog_src/uvm-1.1d/src/base/uvm_root.svh line 430
# quit -sim
# End time: 22:47:03 on Mar 27,2025, Elapsed time: 0:00:14
# Errors: 0, Warnings: 1
